2020-03-12T11:55:07,108 Non-user install because site-packages writeable
2020-03-12T11:55:07,232 Created temporary directory: /tmp/pip-ephem-wheel-cache-lpgiemeq
2020-03-12T11:55:07,232 Created temporary directory: /tmp/pip-req-tracker-6tya4p24
2020-03-12T11:55:07,232 Initialized build tracking at /tmp/pip-req-tracker-6tya4p24
2020-03-12T11:55:07,232 Created build tracker: /tmp/pip-req-tracker-6tya4p24
2020-03-12T11:55:07,232 Entered build tracker: /tmp/pip-req-tracker-6tya4p24
2020-03-12T11:55:07,232 Created temporary directory: /tmp/pip-install-pk5ar_2q
2020-03-12T11:55:07,233 Processing /home/cat/Downloads/yass
2020-03-12T11:55:07,234   Created temporary directory: /tmp/pip-req-build-kw1f832t
2020-03-12T11:55:07,332   Added file:///home/cat/Downloads/yass to build tracker '/tmp/pip-req-tracker-6tya4p24'
2020-03-12T11:55:07,332     Running setup.py (path:/tmp/pip-req-build-kw1f832t/setup.py) egg_info for package from file:///home/cat/Downloads/yass
2020-03-12T11:55:07,332     Running command python setup.py egg_info
2020-03-12T11:55:07,606     running egg_info
2020-03-12T11:55:07,606     creating /tmp/pip-req-build-kw1f832t/pip-egg-info/yass_algorithm.egg-info
2020-03-12T11:55:07,606     writing /tmp/pip-req-build-kw1f832t/pip-egg-info/yass_algorithm.egg-info/PKG-INFO
2020-03-12T11:55:07,606     writing dependency_links to /tmp/pip-req-build-kw1f832t/pip-egg-info/yass_algorithm.egg-info/dependency_links.txt
2020-03-12T11:55:07,606     writing entry points to /tmp/pip-req-build-kw1f832t/pip-egg-info/yass_algorithm.egg-info/entry_points.txt
2020-03-12T11:55:07,607     writing requirements to /tmp/pip-req-build-kw1f832t/pip-egg-info/yass_algorithm.egg-info/requires.txt
2020-03-12T11:55:07,607     writing top-level names to /tmp/pip-req-build-kw1f832t/pip-egg-info/yass_algorithm.egg-info/top_level.txt
2020-03-12T11:55:07,607     writing manifest file '/tmp/pip-req-build-kw1f832t/pip-egg-info/yass_algorithm.egg-info/SOURCES.txt'
2020-03-12T11:55:07,622     reading manifest file '/tmp/pip-req-build-kw1f832t/pip-egg-info/yass_algorithm.egg-info/SOURCES.txt'
2020-03-12T11:55:07,623     reading manifest template 'MANIFEST.in'
2020-03-12T11:55:07,624     writing manifest file '/tmp/pip-req-build-kw1f832t/pip-egg-info/yass_algorithm.egg-info/SOURCES.txt'
2020-03-12T11:55:07,624     /home/cat/anaconda3/lib/python3.7/site-packages/setuptools/dist.py:476: UserWarning: Normalizing '0.10dev' to '0.10.dev0'
2020-03-12T11:55:07,624       normalized_version,
2020-03-12T11:55:07,645   Source in /tmp/pip-req-build-kw1f832t has version 0.10.dev0, which satisfies requirement yass-algorithm==0.10.dev0 from file:///home/cat/Downloads/yass
2020-03-12T11:55:07,646   Removed yass-algorithm==0.10.dev0 from file:///home/cat/Downloads/yass from build tracker '/tmp/pip-req-tracker-6tya4p24'
2020-03-12T11:55:07,698 Requirement already satisfied: numpy in /home/cat/anaconda3/lib/python3.7/site-packages (from yass-algorithm==0.10.dev0) (1.18.1)
2020-03-12T11:55:07,699 Requirement already satisfied: scipy in /home/cat/anaconda3/lib/python3.7/site-packages (from yass-algorithm==0.10.dev0) (1.4.1)
2020-03-12T11:55:07,701 Requirement already satisfied: scikit-learn in /home/cat/anaconda3/lib/python3.7/site-packages (from yass-algorithm==0.10.dev0) (0.22.1)
2020-03-12T11:55:07,706 Requirement already satisfied: pyyaml in /home/cat/anaconda3/lib/python3.7/site-packages (from yass-algorithm==0.10.dev0) (5.3)
2020-03-12T11:55:07,706 Requirement already satisfied: python-dateutil in /home/cat/anaconda3/lib/python3.7/site-packages (from yass-algorithm==0.10.dev0) (2.8.1)
2020-03-12T11:55:07,709 Requirement already satisfied: click in /home/cat/anaconda3/lib/python3.7/site-packages (from yass-algorithm==0.10.dev0) (7.0)
2020-03-12T11:55:07,710 Requirement already satisfied: tqdm in /home/cat/anaconda3/lib/python3.7/site-packages (from yass-algorithm==0.10.dev0) (4.42.1)
2020-03-12T11:55:07,716 Requirement already satisfied: multiprocess in /home/cat/anaconda3/lib/python3.7/site-packages (from yass-algorithm==0.10.dev0) (0.70.9)
2020-03-12T11:55:07,718 Requirement already satisfied: coloredlogs in /home/cat/anaconda3/lib/python3.7/site-packages (from yass-algorithm==0.10.dev0) (14.0)
2020-03-12T11:55:07,721 Requirement already satisfied: cerberus in /home/cat/anaconda3/lib/python3.7/site-packages (from yass-algorithm==0.10.dev0) (1.3.2)
2020-03-12T11:55:07,723 Requirement already satisfied: parmap in /home/cat/anaconda3/lib/python3.7/site-packages (from yass-algorithm==0.10.dev0) (1.5.2)
2020-03-12T11:55:07,725 Requirement already satisfied: statsmodels in /home/cat/anaconda3/lib/python3.7/site-packages (from yass-algorithm==0.10.dev0) (0.11.0)
2020-03-12T11:55:07,736 Requirement already satisfied: matplotlib in /home/cat/anaconda3/lib/python3.7/site-packages (from yass-algorithm==0.10.dev0) (3.1.3)
2020-03-12T11:55:07,741 Requirement already satisfied: networkx in /home/cat/anaconda3/lib/python3.7/site-packages (from yass-algorithm==0.10.dev0) (2.4)
2020-03-12T11:55:07,758 Requirement already satisfied: Cython in /home/cat/anaconda3/lib/python3.7/site-packages (from yass-algorithm==0.10.dev0) (0.29.15)
2020-03-12T11:55:07,760 Requirement already satisfied: progressbar2 in /home/cat/anaconda3/lib/python3.7/site-packages (from yass-algorithm==0.10.dev0) (3.50.0)
2020-03-12T11:55:07,768 Requirement already satisfied: h5py in /home/cat/anaconda3/lib/python3.7/site-packages (from yass-algorithm==0.10.dev0) (2.10.0)
2020-03-12T11:55:07,771 Requirement already satisfied: joblib>=0.11 in /home/cat/anaconda3/lib/python3.7/site-packages (from scikit-learn->yass-algorithm==0.10.dev0) (0.14.1)
2020-03-12T11:55:07,772 Requirement already satisfied: six>=1.5 in /home/cat/anaconda3/lib/python3.7/site-packages (from python-dateutil->yass-algorithm==0.10.dev0) (1.14.0)
2020-03-12T11:55:07,774 Requirement already satisfied: dill>=0.3.1 in /home/cat/anaconda3/lib/python3.7/site-packages (from multiprocess->yass-algorithm==0.10.dev0) (0.3.1.1)
2020-03-12T11:55:07,776 Requirement already satisfied: humanfriendly>=7.1 in /home/cat/anaconda3/lib/python3.7/site-packages (from coloredlogs->yass-algorithm==0.10.dev0) (8.1)
2020-03-12T11:55:07,779 Requirement already satisfied: setuptools in /home/cat/anaconda3/lib/python3.7/site-packages (from cerberus->yass-algorithm==0.10.dev0) (45.2.0.post20200210)
2020-03-12T11:55:07,787 Requirement already satisfied: patsy>=0.5 in /home/cat/anaconda3/lib/python3.7/site-packages (from statsmodels->yass-algorithm==0.10.dev0) (0.5.1)
2020-03-12T11:55:07,790 Requirement already satisfied: pandas>=0.21 in /home/cat/anaconda3/lib/python3.7/site-packages (from statsmodels->yass-algorithm==0.10.dev0) (1.0.1)
2020-03-12T11:55:07,795 Requirement already satisfied: kiwisolver>=1.0.1 in /home/cat/anaconda3/lib/python3.7/site-packages (from matplotlib->yass-algorithm==0.10.dev0) (1.1.0)
2020-03-12T11:55:07,797 Requirement already satisfied: cycler>=0.10 in /home/cat/anaconda3/lib/python3.7/site-packages (from matplotlib->yass-algorithm==0.10.dev0) (0.10.0)
2020-03-12T11:55:07,799 Requirement already satisfied: pyparsing!=2.0.4,!=2.1.2,!=2.1.6,>=2.0.1 in /home/cat/anaconda3/lib/python3.7/site-packages (from matplotlib->yass-algorithm==0.10.dev0) (2.4.6)
2020-03-12T11:55:07,801 Requirement already satisfied: decorator>=4.3.0 in /home/cat/anaconda3/lib/python3.7/site-packages (from networkx->yass-algorithm==0.10.dev0) (4.4.1)
2020-03-12T11:55:07,802 Requirement already satisfied: python-utils>=2.3.0 in /home/cat/anaconda3/lib/python3.7/site-packages (from progressbar2->yass-algorithm==0.10.dev0) (2.4.0)
2020-03-12T11:55:07,804 Requirement already satisfied: pytz>=2017.2 in /home/cat/anaconda3/lib/python3.7/site-packages (from pandas>=0.21->statsmodels->yass-algorithm==0.10.dev0) (2019.3)
2020-03-12T11:55:07,806 Building wheels for collected packages: yass-algorithm
2020-03-12T11:55:07,806   Created temporary directory: /tmp/pip-wheel-7q3g3fms
2020-03-12T11:55:07,807   Destination directory: /tmp/pip-wheel-7q3g3fms
2020-03-12T11:55:07,807   Running command /home/cat/anaconda3/bin/python -u -c 'import sys, setuptools, tokenize; sys.argv[0] = '"'"'/tmp/pip-req-build-kw1f832t/setup.py'"'"'; __file__='"'"'/tmp/pip-req-build-kw1f832t/setup.py'"'"';f=getattr(tokenize, '"'"'open'"'"', open)(__file__);code=f.read().replace('"'"'\r\n'"'"', '"'"'\n'"'"');f.close();exec(compile(code, __file__, '"'"'exec'"'"'))' bdist_wheel -d /tmp/pip-wheel-7q3g3fms
2020-03-12T11:55:08,049   /home/cat/anaconda3/lib/python3.7/site-packages/setuptools/dist.py:476: UserWarning: Normalizing '0.10dev' to '0.10.dev0'
2020-03-12T11:55:08,050     normalized_version,
2020-03-12T11:55:08,062   running bdist_wheel
2020-03-12T11:55:08,063   running build
2020-03-12T11:55:08,064   running build_py
2020-03-12T11:55:08,076   creating build
2020-03-12T11:55:08,076   creating build/lib.linux-x86_64-3.7
2020-03-12T11:55:08,076   creating build/lib.linux-x86_64-3.7/yass
2020-03-12T11:55:08,076   copying src/yass/geometry.py -> build/lib.linux-x86_64-3.7/yass
2020-03-12T11:55:08,077   copying src/yass/pipeline_blocks.py -> build/lib.linux-x86_64-3.7/yass
2020-03-12T11:55:08,077   copying src/yass/util.py -> build/lib.linux-x86_64-3.7/yass
2020-03-12T11:55:08,077   copying src/yass/template.py -> build/lib.linux-x86_64-3.7/yass
2020-03-12T11:55:08,077   copying src/yass/pipeline_residual.py -> build/lib.linux-x86_64-3.7/yass
2020-03-12T11:55:08,078   copying src/yass/mfm.py -> build/lib.linux-x86_64-3.7/yass
2020-03-12T11:55:08,078   copying src/yass/pipeline.py -> build/lib.linux-x86_64-3.7/yass
2020-03-12T11:55:08,078   copying src/yass/correlograms_phy.py -> build/lib.linux-x86_64-3.7/yass
2020-03-12T11:55:08,078   copying src/yass/pd_split.py -> build/lib.linux-x86_64-3.7/yass
2020-03-12T11:55:08,078   copying src/yass/array.py -> build/lib.linux-x86_64-3.7/yass
2020-03-12T11:55:08,079   copying src/yass/pipeline_nn_training.py -> build/lib.linux-x86_64-3.7/yass
2020-03-12T11:55:08,079   copying src/yass/template_update.py -> build/lib.linux-x86_64-3.7/yass
2020-03-12T11:55:08,079   copying src/yass/reader.py -> build/lib.linux-x86_64-3.7/yass
2020-03-12T11:55:08,079   copying src/yass/pipeline_original.py -> build/lib.linux-x86_64-3.7/yass
2020-03-12T11:55:08,080   copying src/yass/command_line.py -> build/lib.linux-x86_64-3.7/yass
2020-03-12T11:55:08,080   copying src/yass/noise.py -> build/lib.linux-x86_64-3.7/yass
2020-03-12T11:55:08,080   copying src/yass/empty.py -> build/lib.linux-x86_64-3.7/yass
2020-03-12T11:55:08,080   copying src/yass/__init__.py -> build/lib.linux-x86_64-3.7/yass
2020-03-12T11:55:08,080   creating build/lib.linux-x86_64-3.7/diptest
2020-03-12T11:55:08,081   copying src/diptest/_interface.py -> build/lib.linux-x86_64-3.7/diptest
2020-03-12T11:55:08,081   copying src/diptest/__init__.py -> build/lib.linux-x86_64-3.7/diptest
2020-03-12T11:55:08,081   creating build/lib.linux-x86_64-3.7/yass/evaluate
2020-03-12T11:55:08,081   copying src/yass/evaluate/stability.py -> build/lib.linux-x86_64-3.7/yass/evaluate
2020-03-12T11:55:08,082   copying src/yass/evaluate/analyzer.py -> build/lib.linux-x86_64-3.7/yass/evaluate
2020-03-12T11:55:08,082   copying src/yass/evaluate/util.py -> build/lib.linux-x86_64-3.7/yass/evaluate
2020-03-12T11:55:08,082   copying src/yass/evaluate/visualization.py -> build/lib.linux-x86_64-3.7/yass/evaluate
2020-03-12T11:55:08,082   copying src/yass/evaluate/stability_filters.py -> build/lib.linux-x86_64-3.7/yass/evaluate
2020-03-12T11:55:08,083   copying src/yass/evaluate/__init__.py -> build/lib.linux-x86_64-3.7/yass/evaluate
2020-03-12T11:55:08,083   creating build/lib.linux-x86_64-3.7/yass/postprocess
2020-03-12T11:55:08,083   copying src/yass/postprocess/collision.py -> build/lib.linux-x86_64-3.7/yass/postprocess
2020-03-12T11:55:08,083   copying src/yass/postprocess/util.py -> build/lib.linux-x86_64-3.7/yass/postprocess
2020-03-12T11:55:08,083   copying src/yass/postprocess/run.py -> build/lib.linux-x86_64-3.7/yass/postprocess
2020-03-12T11:55:08,084   copying src/yass/postprocess/xcorr_peaks.py -> build/lib.linux-x86_64-3.7/yass/postprocess
2020-03-12T11:55:08,084   copying src/yass/postprocess/low_fr.py -> build/lib.linux-x86_64-3.7/yass/postprocess
2020-03-12T11:55:08,084   copying src/yass/postprocess/duplicate_l2.py -> build/lib.linux-x86_64-3.7/yass/postprocess
2020-03-12T11:55:08,084   copying src/yass/postprocess/duplicate_soft_assignment.py -> build/lib.linux-x86_64-3.7/yass/postprocess
2020-03-12T11:55:08,085   copying src/yass/postprocess/small_ptp.py -> build/lib.linux-x86_64-3.7/yass/postprocess
2020-03-12T11:55:08,085   copying src/yass/postprocess/duplicate.py -> build/lib.linux-x86_64-3.7/yass/postprocess
2020-03-12T11:55:08,085   copying src/yass/postprocess/mad.py -> build/lib.linux-x86_64-3.7/yass/postprocess
2020-03-12T11:55:08,085   copying src/yass/postprocess/high_fr.py -> build/lib.linux-x86_64-3.7/yass/postprocess
2020-03-12T11:55:08,085   copying src/yass/postprocess/__init__.py -> build/lib.linux-x86_64-3.7/yass/postprocess
2020-03-12T11:55:08,086   copying src/yass/postprocess/off_centered.py -> build/lib.linux-x86_64-3.7/yass/postprocess
2020-03-12T11:55:08,086   creating build/lib.linux-x86_64-3.7/yass/phy
2020-03-12T11:55:08,086   copying src/yass/phy/run.py -> build/lib.linux-x86_64-3.7/yass/phy
2020-03-12T11:55:08,086   copying src/yass/phy/__init__.py -> build/lib.linux-x86_64-3.7/yass/phy
2020-03-12T11:55:08,086   creating build/lib.linux-x86_64-3.7/yass/rf
2020-03-12T11:55:08,086   copying src/yass/rf/util.py -> build/lib.linux-x86_64-3.7/yass/rf
2020-03-12T11:55:08,086   copying src/yass/rf/run.py -> build/lib.linux-x86_64-3.7/yass/rf
2020-03-12T11:55:08,086   copying src/yass/rf/__init__.py -> build/lib.linux-x86_64-3.7/yass/rf
2020-03-12T11:55:08,086   copying src/yass/rf/sta_fit.py -> build/lib.linux-x86_64-3.7/yass/rf
2020-03-12T11:55:08,087   creating build/lib.linux-x86_64-3.7/yass/explore
2020-03-12T11:55:08,087   copying src/yass/explore/table.py -> build/lib.linux-x86_64-3.7/yass/explore
2020-03-12T11:55:08,087   copying src/yass/explore/receptive_fields.py -> build/lib.linux-x86_64-3.7/yass/explore
2020-03-12T11:55:08,087   copying src/yass/explore/__init__.py -> build/lib.linux-x86_64-3.7/yass/explore
2020-03-12T11:55:08,087   copying src/yass/explore/explorers.py -> build/lib.linux-x86_64-3.7/yass/explore
2020-03-12T11:55:08,087   creating build/lib.linux-x86_64-3.7/yass/augment
2020-03-12T11:55:08,087   copying src/yass/augment/util.py -> build/lib.linux-x86_64-3.7/yass/augment
2020-03-12T11:55:08,087   copying src/yass/augment/run.py -> build/lib.linux-x86_64-3.7/yass/augment
2020-03-12T11:55:08,087   copying src/yass/augment/noise.py -> build/lib.linux-x86_64-3.7/yass/augment
2020-03-12T11:55:08,087   copying src/yass/augment/__init__.py -> build/lib.linux-x86_64-3.7/yass/augment
2020-03-12T11:55:08,087   creating build/lib.linux-x86_64-3.7/yass/neuralnetwork
2020-03-12T11:55:08,088   copying src/yass/neuralnetwork/model_denoiser.py -> build/lib.linux-x86_64-3.7/yass/neuralnetwork
2020-03-12T11:55:08,088   copying src/yass/neuralnetwork/model_detector.py -> build/lib.linux-x86_64-3.7/yass/neuralnetwork
2020-03-12T11:55:08,088   copying src/yass/neuralnetwork/__init__.py -> build/lib.linux-x86_64-3.7/yass/neuralnetwork
2020-03-12T11:55:08,088   creating build/lib.linux-x86_64-3.7/yass/detect
2020-03-12T11:55:08,088   copying src/yass/detect/run.py -> build/lib.linux-x86_64-3.7/yass/detect
2020-03-12T11:55:08,088   copying src/yass/detect/output.py -> build/lib.linux-x86_64-3.7/yass/detect
2020-03-12T11:55:08,088   copying src/yass/detect/deduplication_old.py -> build/lib.linux-x86_64-3.7/yass/detect
2020-03-12T11:55:08,088   copying src/yass/detect/deduplication.py -> build/lib.linux-x86_64-3.7/yass/detect
2020-03-12T11:55:08,088   copying src/yass/detect/__init__.py -> build/lib.linux-x86_64-3.7/yass/detect
2020-03-12T11:55:08,088   creating build/lib.linux-x86_64-3.7/yass/preprocess
2020-03-12T11:55:08,088   copying src/yass/preprocess/util.py -> build/lib.linux-x86_64-3.7/yass/preprocess
2020-03-12T11:55:08,089   copying src/yass/preprocess/run.py -> build/lib.linux-x86_64-3.7/yass/preprocess
2020-03-12T11:55:08,089   copying src/yass/preprocess/__init__.py -> build/lib.linux-x86_64-3.7/yass/preprocess
2020-03-12T11:55:08,089   creating build/lib.linux-x86_64-3.7/yass/cluster
2020-03-12T11:55:08,089   copying src/yass/cluster/sharpen.py -> build/lib.linux-x86_64-3.7/yass/cluster
2020-03-12T11:55:08,089   copying src/yass/cluster/getptp.py -> build/lib.linux-x86_64-3.7/yass/cluster
2020-03-12T11:55:08,089   copying src/yass/cluster/util.py -> build/lib.linux-x86_64-3.7/yass/cluster
2020-03-12T11:55:08,089   copying src/yass/cluster/run.py -> build/lib.linux-x86_64-3.7/yass/cluster
2020-03-12T11:55:08,089   copying src/yass/cluster/cluster.py -> build/lib.linux-x86_64-3.7/yass/cluster
2020-03-12T11:55:08,089   copying src/yass/cluster/ptp_split.py -> build/lib.linux-x86_64-3.7/yass/cluster
2020-03-12T11:55:08,089   copying src/yass/cluster/cluster_test.py -> build/lib.linux-x86_64-3.7/yass/cluster
2020-03-12T11:55:08,089   copying src/yass/cluster/__init__.py -> build/lib.linux-x86_64-3.7/yass/cluster
2020-03-12T11:55:08,089   creating build/lib.linux-x86_64-3.7/yass/deconvolve
2020-03-12T11:55:08,089   copying src/yass/deconvolve/match_pursuit_gpu_test.py -> build/lib.linux-x86_64-3.7/yass/deconvolve
2020-03-12T11:55:08,089   copying src/yass/deconvolve/match_pursuit_gpu_new.py -> build/lib.linux-x86_64-3.7/yass/deconvolve
2020-03-12T11:55:08,089   copying src/yass/deconvolve/util.py -> build/lib.linux-x86_64-3.7/yass/deconvolve
2020-03-12T11:55:08,089   copying src/yass/deconvolve/run.py -> build/lib.linux-x86_64-3.7/yass/deconvolve
2020-03-12T11:55:08,089   copying src/yass/deconvolve/run_old.py -> build/lib.linux-x86_64-3.7/yass/deconvolve
2020-03-12T11:55:08,089   copying src/yass/deconvolve/utils_old.py -> build/lib.linux-x86_64-3.7/yass/deconvolve
2020-03-12T11:55:08,089   copying src/yass/deconvolve/run_original.py -> build/lib.linux-x86_64-3.7/yass/deconvolve
2020-03-12T11:55:08,089   copying src/yass/deconvolve/deconvolve_old.py -> build/lib.linux-x86_64-3.7/yass/deconvolve
2020-03-12T11:55:08,090   copying src/yass/deconvolve/match_pursuit.py -> build/lib.linux-x86_64-3.7/yass/deconvolve
2020-03-12T11:55:08,090   copying src/yass/deconvolve/match_pursuit_gpu.py -> build/lib.linux-x86_64-3.7/yass/deconvolve
2020-03-12T11:55:08,090   copying src/yass/deconvolve/deconv_exp_utils.py -> build/lib.linux-x86_64-3.7/yass/deconvolve
2020-03-12T11:55:08,090   copying src/yass/deconvolve/__init__.py -> build/lib.linux-x86_64-3.7/yass/deconvolve
2020-03-12T11:55:08,090   copying src/yass/deconvolve/utils.py -> build/lib.linux-x86_64-3.7/yass/deconvolve
2020-03-12T11:55:08,090   creating build/lib.linux-x86_64-3.7/yass/config
2020-03-12T11:55:08,090   copying src/yass/config/config.py -> build/lib.linux-x86_64-3.7/yass/config
2020-03-12T11:55:08,090   copying src/yass/config/validate.py -> build/lib.linux-x86_64-3.7/yass/config
2020-03-12T11:55:08,090   copying src/yass/config/__init__.py -> build/lib.linux-x86_64-3.7/yass/config
2020-03-12T11:55:08,090   creating build/lib.linux-x86_64-3.7/yass/visual
2020-03-12T11:55:08,090   copying src/yass/visual/soft_assignment.py -> build/lib.linux-x86_64-3.7/yass/visual
2020-03-12T11:55:08,090   copying src/yass/visual/util.py -> build/lib.linux-x86_64-3.7/yass/visual
2020-03-12T11:55:08,090   copying src/yass/visual/run.py -> build/lib.linux-x86_64-3.7/yass/visual
2020-03-12T11:55:08,090   copying src/yass/visual/ptp_time.py -> build/lib.linux-x86_64-3.7/yass/visual
2020-03-12T11:55:08,090   copying src/yass/visual/__init__.py -> build/lib.linux-x86_64-3.7/yass/visual
2020-03-12T11:55:08,090   copying src/yass/visual/barplots.py -> build/lib.linux-x86_64-3.7/yass/visual
2020-03-12T11:55:08,090   creating build/lib.linux-x86_64-3.7/yass/threshold
2020-03-12T11:55:08,090   copying src/yass/threshold/detect.py -> build/lib.linux-x86_64-3.7/yass/threshold
2020-03-12T11:55:08,090   copying src/yass/threshold/dimensionality_reduction.py -> build/lib.linux-x86_64-3.7/yass/threshold
2020-03-12T11:55:08,090   copying src/yass/threshold/__init__.py -> build/lib.linux-x86_64-3.7/yass/threshold
2020-03-12T11:55:08,090   creating build/lib.linux-x86_64-3.7/yass/residual
2020-03-12T11:55:08,090   copying src/yass/residual/run.py -> build/lib.linux-x86_64-3.7/yass/residual
2020-03-12T11:55:08,090   copying src/yass/residual/residual_gpu.py -> build/lib.linux-x86_64-3.7/yass/residual
2020-03-12T11:55:08,091   copying src/yass/residual/residual.py -> build/lib.linux-x86_64-3.7/yass/residual
2020-03-12T11:55:08,091   copying src/yass/residual/__init__.py -> build/lib.linux-x86_64-3.7/yass/residual
2020-03-12T11:55:08,091   creating build/lib.linux-x86_64-3.7/yass/soft_assignment
2020-03-12T11:55:08,091   copying src/yass/soft_assignment/template.py -> build/lib.linux-x86_64-3.7/yass/soft_assignment
2020-03-12T11:55:08,091   copying src/yass/soft_assignment/run.py -> build/lib.linux-x86_64-3.7/yass/soft_assignment
2020-03-12T11:55:08,091   copying src/yass/soft_assignment/noise.py -> build/lib.linux-x86_64-3.7/yass/soft_assignment
2020-03-12T11:55:08,091   copying src/yass/soft_assignment/__init__.py -> build/lib.linux-x86_64-3.7/yass/soft_assignment
2020-03-12T11:55:08,091   creating build/lib.linux-x86_64-3.7/yass/batch
2020-03-12T11:55:08,091   copying src/yass/batch/util.py -> build/lib.linux-x86_64-3.7/yass/batch
2020-03-12T11:55:08,091   copying src/yass/batch/pipeline.py -> build/lib.linux-x86_64-3.7/yass/batch
2020-03-12T11:55:08,091   copying src/yass/batch/batch.py -> build/lib.linux-x86_64-3.7/yass/batch
2020-03-12T11:55:08,091   copying src/yass/batch/generator.py -> build/lib.linux-x86_64-3.7/yass/batch
2020-03-12T11:55:08,091   copying src/yass/batch/buffer.py -> build/lib.linux-x86_64-3.7/yass/batch
2020-03-12T11:55:08,091   copying src/yass/batch/vectorize.py -> build/lib.linux-x86_64-3.7/yass/batch
2020-03-12T11:55:08,091   copying src/yass/batch/reader.py -> build/lib.linux-x86_64-3.7/yass/batch
2020-03-12T11:55:08,091   copying src/yass/batch/__init__.py -> build/lib.linux-x86_64-3.7/yass/batch
2020-03-12T11:55:08,091   creating build/lib.linux-x86_64-3.7/yass/export
2020-03-12T11:55:08,091   copying src/yass/export/generate.py -> build/lib.linux-x86_64-3.7/yass/export
2020-03-12T11:55:08,091   copying src/yass/export/__init__.py -> build/lib.linux-x86_64-3.7/yass/export
2020-03-12T11:55:08,091   creating build/lib.linux-x86_64-3.7/yass/merge
2020-03-12T11:55:08,091   copying src/yass/merge/merge.py -> build/lib.linux-x86_64-3.7/yass/merge
2020-03-12T11:55:08,091   copying src/yass/merge/util.py -> build/lib.linux-x86_64-3.7/yass/merge
2020-03-12T11:55:08,091   copying src/yass/merge/run.py -> build/lib.linux-x86_64-3.7/yass/merge
2020-03-12T11:55:08,091   copying src/yass/merge/notch.py -> build/lib.linux-x86_64-3.7/yass/merge
2020-03-12T11:55:08,092   copying src/yass/merge/__init__.py -> build/lib.linux-x86_64-3.7/yass/merge
2020-03-12T11:55:08,092   running egg_info
2020-03-12T11:55:08,094   creating src/yass_algorithm.egg-info
2020-03-12T11:55:08,094   writing src/yass_algorithm.egg-info/PKG-INFO
2020-03-12T11:55:08,095   writing dependency_links to src/yass_algorithm.egg-info/dependency_links.txt
2020-03-12T11:55:08,095   writing entry points to src/yass_algorithm.egg-info/entry_points.txt
2020-03-12T11:55:08,095   writing requirements to src/yass_algorithm.egg-info/requires.txt
2020-03-12T11:55:08,095   writing top-level names to src/yass_algorithm.egg-info/top_level.txt
2020-03-12T11:55:08,095   writing manifest file 'src/yass_algorithm.egg-info/SOURCES.txt'
2020-03-12T11:55:08,098   reading manifest file 'src/yass_algorithm.egg-info/SOURCES.txt'
2020-03-12T11:55:08,098   reading manifest template 'MANIFEST.in'
2020-03-12T11:55:08,100   writing manifest file 'src/yass_algorithm.egg-info/SOURCES.txt'
2020-03-12T11:55:08,101   creating build/lib.linux-x86_64-3.7/yass/assets
2020-03-12T11:55:08,101   creating build/lib.linux-x86_64-3.7/yass/assets/config
2020-03-12T11:55:08,101   copying src/yass/assets/config/schema.yaml -> build/lib.linux-x86_64-3.7/yass/assets/config
2020-03-12T11:55:08,101   creating build/lib.linux-x86_64-3.7/yass/assets/logger
2020-03-12T11:55:08,101   copying src/yass/assets/logger/config.yaml -> build/lib.linux-x86_64-3.7/yass/assets/logger
2020-03-12T11:55:08,101   creating build/lib.linux-x86_64-3.7/yass/assets/nn_models
2020-03-12T11:55:08,101   copying src/yass/assets/nn_models/denoise.pt -> build/lib.linux-x86_64-3.7/yass/assets/nn_models
2020-03-12T11:55:08,101   copying src/yass/assets/nn_models/denoise_31.pt -> build/lib.linux-x86_64-3.7/yass/assets/nn_models
2020-03-12T11:55:08,101   copying src/yass/assets/nn_models/detect.pt -> build/lib.linux-x86_64-3.7/yass/assets/nn_models
2020-03-12T11:55:08,101   copying src/yass/assets/nn_models/detect_31.pt -> build/lib.linux-x86_64-3.7/yass/assets/nn_models
2020-03-12T11:55:08,101   copying src/yass/assets/nn_models/detect_single.pt -> build/lib.linux-x86_64-3.7/yass/assets/nn_models
2020-03-12T11:55:08,102   creating build/lib.linux-x86_64-3.7/yass/assets/phy
2020-03-12T11:55:08,102   copying src/yass/assets/phy/params.py -> build/lib.linux-x86_64-3.7/yass/assets/phy
2020-03-12T11:55:08,102   copying src/diptest/_dip.c -> build/lib.linux-x86_64-3.7/diptest
2020-03-12T11:55:08,102   copying src/diptest/_diptest.c -> build/lib.linux-x86_64-3.7/diptest
2020-03-12T11:55:08,102   copying src/diptest/dip_crit.txt -> build/lib.linux-x86_64-3.7/diptest
2020-03-12T11:55:08,105   running build_ext
2020-03-12T11:55:08,216   building 'diptest._diptest' extension
2020-03-12T11:55:08,216   creating build/temp.linux-x86_64-3.7
2020-03-12T11:55:08,216   creating build/temp.linux-x86_64-3.7/src
2020-03-12T11:55:08,216   creating build/temp.linux-x86_64-3.7/src/diptest
2020-03-12T11:55:08,216   gcc -pthread -B /home/cat/anaconda3/compiler_compat -Wl,--sysroot=/ -Wsign-compare -DNDEBUG -g -fwrapv -O3 -Wall -Wstrict-prototypes -fPIC -I/home/cat/anaconda3/include/python3.7m -I/home/cat/anaconda3/lib/python3.7/site-packages/numpy/core/include -c src/diptest/_dip.c -o build/temp.linux-x86_64-3.7/src/diptest/_dip.o -O3 -std=c99
2020-03-12T11:55:08,333   gcc -pthread -B /home/cat/anaconda3/compiler_compat -Wl,--sysroot=/ -Wsign-compare -DNDEBUG -g -fwrapv -O3 -Wall -Wstrict-prototypes -fPIC -I/home/cat/anaconda3/include/python3.7m -I/home/cat/anaconda3/lib/python3.7/site-packages/numpy/core/include -c src/diptest/_diptest.c -o build/temp.linux-x86_64-3.7/src/diptest/_diptest.o -O3 -std=c99
2020-03-12T11:55:08,392   In file included from /home/cat/anaconda3/lib/python3.7/site-packages/numpy/core/include/numpy/ndarraytypes.h:1832:0,
2020-03-12T11:55:08,392                    from /home/cat/anaconda3/lib/python3.7/site-packages/numpy/core/include/numpy/ndarrayobject.h:12,
2020-03-12T11:55:08,392                    from /home/cat/anaconda3/lib/python3.7/site-packages/numpy/core/include/numpy/arrayobject.h:4,
2020-03-12T11:55:08,392                    from src/diptest/_diptest.c:352:
2020-03-12T11:55:08,392   /home/cat/anaconda3/lib/python3.7/site-packages/numpy/core/include/numpy/npy_1_7_deprecated_api.h:17:2: warning: #warning "Using deprecated NumPy API, disable it with " "#define NPY_NO_DEPRECATED_API NPY_1_7_API_VERSION" [-Wcpp]
2020-03-12T11:55:08,393    #warning "Using deprecated NumPy API, disable it with " \
2020-03-12T11:55:08,393     ^
2020-03-12T11:55:08,437   src/diptest/_diptest.c: In function ‘__Pyx_ExceptionSave’:
2020-03-12T11:55:08,438   src/diptest/_diptest.c:18211:19: error: ‘PyThreadState {aka struct _ts}’ has no member named ‘exc_type’
2020-03-12T11:55:08,438        *type = tstate->exc_type;
2020-03-12T11:55:08,438                      ^
2020-03-12T11:55:08,438   src/diptest/_diptest.c:18212:20: error: ‘PyThreadState {aka struct _ts}’ has no member named ‘exc_value’
2020-03-12T11:55:08,438        *value = tstate->exc_value;
2020-03-12T11:55:08,438                       ^
2020-03-12T11:55:08,438   src/diptest/_diptest.c:18213:17: error: ‘PyThreadState {aka struct _ts}’ has no member named ‘exc_traceback’
2020-03-12T11:55:08,438        *tb = tstate->exc_traceback;
2020-03-12T11:55:08,439                    ^
2020-03-12T11:55:08,439   src/diptest/_diptest.c: In function ‘__Pyx_ExceptionReset’:
2020-03-12T11:55:08,439   src/diptest/_diptest.c:18225:22: error: ‘PyThreadState {aka struct _ts}’ has no member named ‘exc_type’
2020-03-12T11:55:08,439        tmp_type = tstate->exc_type;
2020-03-12T11:55:08,439                         ^
2020-03-12T11:55:08,439   src/diptest/_diptest.c:18226:23: error: ‘PyThreadState {aka struct _ts}’ has no member named ‘exc_value’
2020-03-12T11:55:08,439        tmp_value = tstate->exc_value;
2020-03-12T11:55:08,439                          ^
2020-03-12T11:55:08,439   src/diptest/_diptest.c:18227:20: error: ‘PyThreadState {aka struct _ts}’ has no member named ‘exc_traceback’
2020-03-12T11:55:08,440        tmp_tb = tstate->exc_traceback;
2020-03-12T11:55:08,440                       ^
2020-03-12T11:55:08,440   src/diptest/_diptest.c:18228:11: error: ‘PyThreadState {aka struct _ts}’ has no member named ‘exc_type’
2020-03-12T11:55:08,440        tstate->exc_type = type;
2020-03-12T11:55:08,440              ^
2020-03-12T11:55:08,440   src/diptest/_diptest.c:18229:11: error: ‘PyThreadState {aka struct _ts}’ has no member named ‘exc_value’
2020-03-12T11:55:08,440        tstate->exc_value = value;
2020-03-12T11:55:08,440              ^
2020-03-12T11:55:08,440   src/diptest/_diptest.c:18230:11: error: ‘PyThreadState {aka struct _ts}’ has no member named ‘exc_traceback’
2020-03-12T11:55:08,440        tstate->exc_traceback = tb;
2020-03-12T11:55:08,441              ^
2020-03-12T11:55:08,441   src/diptest/_diptest.c: In function ‘__Pyx_GetException’:
2020-03-12T11:55:08,441   src/diptest/_diptest.c:18273:22: error: ‘PyThreadState {aka struct _ts}’ has no member named ‘exc_type’
2020-03-12T11:55:08,441        tmp_type = tstate->exc_type;
2020-03-12T11:55:08,441                         ^
2020-03-12T11:55:08,441   src/diptest/_diptest.c:18274:23: error: ‘PyThreadState {aka struct _ts}’ has no member named ‘exc_value’
2020-03-12T11:55:08,441        tmp_value = tstate->exc_value;
2020-03-12T11:55:08,441                          ^
2020-03-12T11:55:08,441   src/diptest/_diptest.c:18275:20: error: ‘PyThreadState {aka struct _ts}’ has no member named ‘exc_traceback’
2020-03-12T11:55:08,441        tmp_tb = tstate->exc_traceback;
2020-03-12T11:55:08,442                       ^
2020-03-12T11:55:08,442   src/diptest/_diptest.c:18276:11: error: ‘PyThreadState {aka struct _ts}’ has no member named ‘exc_type’
2020-03-12T11:55:08,442        tstate->exc_type = local_type;
2020-03-12T11:55:08,442              ^
2020-03-12T11:55:08,442   src/diptest/_diptest.c:18277:11: error: ‘PyThreadState {aka struct _ts}’ has no member named ‘exc_value’
2020-03-12T11:55:08,442        tstate->exc_value = local_value;
2020-03-12T11:55:08,442              ^
2020-03-12T11:55:08,442   src/diptest/_diptest.c:18278:11: error: ‘PyThreadState {aka struct _ts}’ has no member named ‘exc_traceback’
2020-03-12T11:55:08,442        tstate->exc_traceback = local_tb;
2020-03-12T11:55:08,442              ^
2020-03-12T11:55:08,443   src/diptest/_diptest.c: In function ‘__Pyx_ExceptionSwap’:
2020-03-12T11:55:08,443   src/diptest/_diptest.c:18300:22: error: ‘PyThreadState {aka struct _ts}’ has no member named ‘exc_type’
2020-03-12T11:55:08,443        tmp_type = tstate->exc_type;
2020-03-12T11:55:08,443                         ^
2020-03-12T11:55:08,443   src/diptest/_diptest.c:18301:23: error: ‘PyThreadState {aka struct _ts}’ has no member named ‘exc_value’
2020-03-12T11:55:08,443        tmp_value = tstate->exc_value;
2020-03-12T11:55:08,443                          ^
2020-03-12T11:55:08,443   src/diptest/_diptest.c:18302:20: error: ‘PyThreadState {aka struct _ts}’ has no member named ‘exc_traceback’
2020-03-12T11:55:08,443        tmp_tb = tstate->exc_traceback;
2020-03-12T11:55:08,444                       ^
2020-03-12T11:55:08,444   src/diptest/_diptest.c:18303:11: error: ‘PyThreadState {aka struct _ts}’ has no member named ‘exc_type’
2020-03-12T11:55:08,444        tstate->exc_type = *type;
2020-03-12T11:55:08,444              ^
2020-03-12T11:55:08,444   src/diptest/_diptest.c:18304:11: error: ‘PyThreadState {aka struct _ts}’ has no member named ‘exc_value’
2020-03-12T11:55:08,444        tstate->exc_value = *value;
2020-03-12T11:55:08,444              ^
2020-03-12T11:55:08,444   src/diptest/_diptest.c:18305:11: error: ‘PyThreadState {aka struct _ts}’ has no member named ‘exc_traceback’
2020-03-12T11:55:08,444        tstate->exc_traceback = *tb;
2020-03-12T11:55:08,444              ^
2020-03-12T11:55:08,445   In file included from /home/cat/anaconda3/lib/python3.7/site-packages/numpy/core/include/numpy/ndarrayobject.h:21:0,
2020-03-12T11:55:08,446                    from /home/cat/anaconda3/lib/python3.7/site-packages/numpy/core/include/numpy/arrayobject.h:4,
2020-03-12T11:55:08,446                    from src/diptest/_diptest.c:352:
2020-03-12T11:55:08,446   src/diptest/_diptest.c: At top level:
2020-03-12T11:55:08,446   /home/cat/anaconda3/lib/python3.7/site-packages/numpy/core/include/numpy/__multiarray_api.h:1463:1: warning: ‘_import_array’ defined but not used [-Wunused-function]
2020-03-12T11:55:08,446    _import_array(void)
2020-03-12T11:55:08,446    ^
2020-03-12T11:55:08,483   error: command 'gcc' failed with exit status 1
2020-03-12T11:55:08,522   ERROR: Failed building wheel for yass-algorithm
2020-03-12T11:55:08,523   Running setup.py clean for yass-algorithm
2020-03-12T11:55:08,523   Running command /home/cat/anaconda3/bin/python -u -c 'import sys, setuptools, tokenize; sys.argv[0] = '"'"'/tmp/pip-req-build-kw1f832t/setup.py'"'"'; __file__='"'"'/tmp/pip-req-build-kw1f832t/setup.py'"'"';f=getattr(tokenize, '"'"'open'"'"', open)(__file__);code=f.read().replace('"'"'\r\n'"'"', '"'"'\n'"'"');f.close();exec(compile(code, __file__, '"'"'exec'"'"'))' clean --all
2020-03-12T11:55:08,773   /home/cat/anaconda3/lib/python3.7/site-packages/setuptools/dist.py:476: UserWarning: Normalizing '0.10dev' to '0.10.dev0'
2020-03-12T11:55:08,774     normalized_version,
2020-03-12T11:55:08,782   running clean
2020-03-12T11:55:08,783   removing 'build/temp.linux-x86_64-3.7' (and everything under it)
2020-03-12T11:55:08,783   removing 'build/lib.linux-x86_64-3.7' (and everything under it)
2020-03-12T11:55:08,786   'build/bdist.linux-x86_64' does not exist -- can't clean it
2020-03-12T11:55:08,786   'build/scripts-3.7' does not exist -- can't clean it
2020-03-12T11:55:08,787   removing 'build'
2020-03-12T11:55:08,802 Failed to build yass-algorithm
2020-03-12T11:55:09,354 Installing collected packages: yass-algorithm
2020-03-12T11:55:09,356   Created temporary directory: /tmp/pip-record-f8ww_kv9
2020-03-12T11:55:09,356     Running command /home/cat/anaconda3/bin/python -u -c 'import sys, setuptools, tokenize; sys.argv[0] = '"'"'/tmp/pip-req-build-kw1f832t/setup.py'"'"'; __file__='"'"'/tmp/pip-req-build-kw1f832t/setup.py'"'"';f=getattr(tokenize, '"'"'open'"'"', open)(__file__);code=f.read().replace('"'"'\r\n'"'"', '"'"'\n'"'"');f.close();exec(compile(code, __file__, '"'"'exec'"'"'))' install --record /tmp/pip-record-f8ww_kv9/install-record.txt --single-version-externally-managed --compile --install-headers /home/cat/anaconda3/include/python3.7m/yass-algorithm
2020-03-12T11:55:09,621     /home/cat/anaconda3/lib/python3.7/site-packages/setuptools/dist.py:476: UserWarning: Normalizing '0.10dev' to '0.10.dev0'
2020-03-12T11:55:09,622       normalized_version,
2020-03-12T11:55:09,631     running install
2020-03-12T11:55:09,632     running build
2020-03-12T11:55:09,632     running build_py
2020-03-12T11:55:09,645     creating build
2020-03-12T11:55:09,645     creating build/lib.linux-x86_64-3.7
2020-03-12T11:55:09,645     creating build/lib.linux-x86_64-3.7/yass
2020-03-12T11:55:09,645     copying src/yass/geometry.py -> build/lib.linux-x86_64-3.7/yass
2020-03-12T11:55:09,645     copying src/yass/pipeline_blocks.py -> build/lib.linux-x86_64-3.7/yass
2020-03-12T11:55:09,645     copying src/yass/util.py -> build/lib.linux-x86_64-3.7/yass
2020-03-12T11:55:09,645     copying src/yass/template.py -> build/lib.linux-x86_64-3.7/yass
2020-03-12T11:55:09,645     copying src/yass/pipeline_residual.py -> build/lib.linux-x86_64-3.7/yass
2020-03-12T11:55:09,646     copying src/yass/mfm.py -> build/lib.linux-x86_64-3.7/yass
2020-03-12T11:55:09,646     copying src/yass/pipeline.py -> build/lib.linux-x86_64-3.7/yass
2020-03-12T11:55:09,646     copying src/yass/correlograms_phy.py -> build/lib.linux-x86_64-3.7/yass
2020-03-12T11:55:09,646     copying src/yass/pd_split.py -> build/lib.linux-x86_64-3.7/yass
2020-03-12T11:55:09,646     copying src/yass/array.py -> build/lib.linux-x86_64-3.7/yass
2020-03-12T11:55:09,646     copying src/yass/pipeline_nn_training.py -> build/lib.linux-x86_64-3.7/yass
2020-03-12T11:55:09,646     copying src/yass/template_update.py -> build/lib.linux-x86_64-3.7/yass
2020-03-12T11:55:09,646     copying src/yass/reader.py -> build/lib.linux-x86_64-3.7/yass
2020-03-12T11:55:09,646     copying src/yass/pipeline_original.py -> build/lib.linux-x86_64-3.7/yass
2020-03-12T11:55:09,647     copying src/yass/command_line.py -> build/lib.linux-x86_64-3.7/yass
2020-03-12T11:55:09,647     copying src/yass/noise.py -> build/lib.linux-x86_64-3.7/yass
2020-03-12T11:55:09,647     copying src/yass/empty.py -> build/lib.linux-x86_64-3.7/yass
2020-03-12T11:55:09,647     copying src/yass/__init__.py -> build/lib.linux-x86_64-3.7/yass
2020-03-12T11:55:09,647     creating build/lib.linux-x86_64-3.7/diptest
2020-03-12T11:55:09,647     copying src/diptest/_interface.py -> build/lib.linux-x86_64-3.7/diptest
2020-03-12T11:55:09,647     copying src/diptest/__init__.py -> build/lib.linux-x86_64-3.7/diptest
2020-03-12T11:55:09,647     creating build/lib.linux-x86_64-3.7/yass/evaluate
2020-03-12T11:55:09,647     copying src/yass/evaluate/stability.py -> build/lib.linux-x86_64-3.7/yass/evaluate
2020-03-12T11:55:09,647     copying src/yass/evaluate/analyzer.py -> build/lib.linux-x86_64-3.7/yass/evaluate
2020-03-12T11:55:09,648     copying src/yass/evaluate/util.py -> build/lib.linux-x86_64-3.7/yass/evaluate
2020-03-12T11:55:09,648     copying src/yass/evaluate/visualization.py -> build/lib.linux-x86_64-3.7/yass/evaluate
2020-03-12T11:55:09,648     copying src/yass/evaluate/stability_filters.py -> build/lib.linux-x86_64-3.7/yass/evaluate
2020-03-12T11:55:09,648     copying src/yass/evaluate/__init__.py -> build/lib.linux-x86_64-3.7/yass/evaluate
2020-03-12T11:55:09,648     creating build/lib.linux-x86_64-3.7/yass/postprocess
2020-03-12T11:55:09,648     copying src/yass/postprocess/collision.py -> build/lib.linux-x86_64-3.7/yass/postprocess
2020-03-12T11:55:09,648     copying src/yass/postprocess/util.py -> build/lib.linux-x86_64-3.7/yass/postprocess
2020-03-12T11:55:09,648     copying src/yass/postprocess/run.py -> build/lib.linux-x86_64-3.7/yass/postprocess
2020-03-12T11:55:09,648     copying src/yass/postprocess/xcorr_peaks.py -> build/lib.linux-x86_64-3.7/yass/postprocess
2020-03-12T11:55:09,648     copying src/yass/postprocess/low_fr.py -> build/lib.linux-x86_64-3.7/yass/postprocess
2020-03-12T11:55:09,649     copying src/yass/postprocess/duplicate_l2.py -> build/lib.linux-x86_64-3.7/yass/postprocess
2020-03-12T11:55:09,649     copying src/yass/postprocess/duplicate_soft_assignment.py -> build/lib.linux-x86_64-3.7/yass/postprocess
2020-03-12T11:55:09,649     copying src/yass/postprocess/small_ptp.py -> build/lib.linux-x86_64-3.7/yass/postprocess
2020-03-12T11:55:09,649     copying src/yass/postprocess/duplicate.py -> build/lib.linux-x86_64-3.7/yass/postprocess
2020-03-12T11:55:09,649     copying src/yass/postprocess/mad.py -> build/lib.linux-x86_64-3.7/yass/postprocess
2020-03-12T11:55:09,649     copying src/yass/postprocess/high_fr.py -> build/lib.linux-x86_64-3.7/yass/postprocess
2020-03-12T11:55:09,649     copying src/yass/postprocess/__init__.py -> build/lib.linux-x86_64-3.7/yass/postprocess
2020-03-12T11:55:09,649     copying src/yass/postprocess/off_centered.py -> build/lib.linux-x86_64-3.7/yass/postprocess
2020-03-12T11:55:09,649     creating build/lib.linux-x86_64-3.7/yass/phy
2020-03-12T11:55:09,650     copying src/yass/phy/run.py -> build/lib.linux-x86_64-3.7/yass/phy
2020-03-12T11:55:09,650     copying src/yass/phy/__init__.py -> build/lib.linux-x86_64-3.7/yass/phy
2020-03-12T11:55:09,650     creating build/lib.linux-x86_64-3.7/yass/rf
2020-03-12T11:55:09,650     copying src/yass/rf/util.py -> build/lib.linux-x86_64-3.7/yass/rf
2020-03-12T11:55:09,650     copying src/yass/rf/run.py -> build/lib.linux-x86_64-3.7/yass/rf
2020-03-12T11:55:09,650     copying src/yass/rf/__init__.py -> build/lib.linux-x86_64-3.7/yass/rf
2020-03-12T11:55:09,650     copying src/yass/rf/sta_fit.py -> build/lib.linux-x86_64-3.7/yass/rf
2020-03-12T11:55:09,650     creating build/lib.linux-x86_64-3.7/yass/explore
2020-03-12T11:55:09,650     copying src/yass/explore/table.py -> build/lib.linux-x86_64-3.7/yass/explore
2020-03-12T11:55:09,651     copying src/yass/explore/receptive_fields.py -> build/lib.linux-x86_64-3.7/yass/explore
2020-03-12T11:55:09,651     copying src/yass/explore/__init__.py -> build/lib.linux-x86_64-3.7/yass/explore
2020-03-12T11:55:09,651     copying src/yass/explore/explorers.py -> build/lib.linux-x86_64-3.7/yass/explore
2020-03-12T11:55:09,651     creating build/lib.linux-x86_64-3.7/yass/augment
2020-03-12T11:55:09,651     copying src/yass/augment/util.py -> build/lib.linux-x86_64-3.7/yass/augment
2020-03-12T11:55:09,651     copying src/yass/augment/run.py -> build/lib.linux-x86_64-3.7/yass/augment
2020-03-12T11:55:09,651     copying src/yass/augment/noise.py -> build/lib.linux-x86_64-3.7/yass/augment
2020-03-12T11:55:09,651     copying src/yass/augment/__init__.py -> build/lib.linux-x86_64-3.7/yass/augment
2020-03-12T11:55:09,651     creating build/lib.linux-x86_64-3.7/yass/neuralnetwork
2020-03-12T11:55:09,651     copying src/yass/neuralnetwork/model_denoiser.py -> build/lib.linux-x86_64-3.7/yass/neuralnetwork
2020-03-12T11:55:09,652     copying src/yass/neuralnetwork/model_detector.py -> build/lib.linux-x86_64-3.7/yass/neuralnetwork
2020-03-12T11:55:09,652     copying src/yass/neuralnetwork/__init__.py -> build/lib.linux-x86_64-3.7/yass/neuralnetwork
2020-03-12T11:55:09,652     creating build/lib.linux-x86_64-3.7/yass/detect
2020-03-12T11:55:09,652     copying src/yass/detect/run.py -> build/lib.linux-x86_64-3.7/yass/detect
2020-03-12T11:55:09,652     copying src/yass/detect/output.py -> build/lib.linux-x86_64-3.7/yass/detect
2020-03-12T11:55:09,652     copying src/yass/detect/deduplication_old.py -> build/lib.linux-x86_64-3.7/yass/detect
2020-03-12T11:55:09,652     copying src/yass/detect/deduplication.py -> build/lib.linux-x86_64-3.7/yass/detect
2020-03-12T11:55:09,652     copying src/yass/detect/__init__.py -> build/lib.linux-x86_64-3.7/yass/detect
2020-03-12T11:55:09,652     creating build/lib.linux-x86_64-3.7/yass/preprocess
2020-03-12T11:55:09,653     copying src/yass/preprocess/util.py -> build/lib.linux-x86_64-3.7/yass/preprocess
2020-03-12T11:55:09,653     copying src/yass/preprocess/run.py -> build/lib.linux-x86_64-3.7/yass/preprocess
2020-03-12T11:55:09,653     copying src/yass/preprocess/__init__.py -> build/lib.linux-x86_64-3.7/yass/preprocess
2020-03-12T11:55:09,653     creating build/lib.linux-x86_64-3.7/yass/cluster
2020-03-12T11:55:09,653     copying src/yass/cluster/sharpen.py -> build/lib.linux-x86_64-3.7/yass/cluster
2020-03-12T11:55:09,653     copying src/yass/cluster/getptp.py -> build/lib.linux-x86_64-3.7/yass/cluster
2020-03-12T11:55:09,653     copying src/yass/cluster/util.py -> build/lib.linux-x86_64-3.7/yass/cluster
2020-03-12T11:55:09,653     copying src/yass/cluster/run.py -> build/lib.linux-x86_64-3.7/yass/cluster
2020-03-12T11:55:09,653     copying src/yass/cluster/cluster.py -> build/lib.linux-x86_64-3.7/yass/cluster
2020-03-12T11:55:09,654     copying src/yass/cluster/ptp_split.py -> build/lib.linux-x86_64-3.7/yass/cluster
2020-03-12T11:55:09,654     copying src/yass/cluster/cluster_test.py -> build/lib.linux-x86_64-3.7/yass/cluster
2020-03-12T11:55:09,654     copying src/yass/cluster/__init__.py -> build/lib.linux-x86_64-3.7/yass/cluster
2020-03-12T11:55:09,654     creating build/lib.linux-x86_64-3.7/yass/deconvolve
2020-03-12T11:55:09,654     copying src/yass/deconvolve/match_pursuit_gpu_test.py -> build/lib.linux-x86_64-3.7/yass/deconvolve
2020-03-12T11:55:09,654     copying src/yass/deconvolve/match_pursuit_gpu_new.py -> build/lib.linux-x86_64-3.7/yass/deconvolve
2020-03-12T11:55:09,654     copying src/yass/deconvolve/util.py -> build/lib.linux-x86_64-3.7/yass/deconvolve
2020-03-12T11:55:09,654     copying src/yass/deconvolve/run.py -> build/lib.linux-x86_64-3.7/yass/deconvolve
2020-03-12T11:55:09,655     copying src/yass/deconvolve/run_old.py -> build/lib.linux-x86_64-3.7/yass/deconvolve
2020-03-12T11:55:09,655     copying src/yass/deconvolve/utils_old.py -> build/lib.linux-x86_64-3.7/yass/deconvolve
2020-03-12T11:55:09,655     copying src/yass/deconvolve/run_original.py -> build/lib.linux-x86_64-3.7/yass/deconvolve
2020-03-12T11:55:09,655     copying src/yass/deconvolve/deconvolve_old.py -> build/lib.linux-x86_64-3.7/yass/deconvolve
2020-03-12T11:55:09,655     copying src/yass/deconvolve/match_pursuit.py -> build/lib.linux-x86_64-3.7/yass/deconvolve
2020-03-12T11:55:09,655     copying src/yass/deconvolve/match_pursuit_gpu.py -> build/lib.linux-x86_64-3.7/yass/deconvolve
2020-03-12T11:55:09,655     copying src/yass/deconvolve/deconv_exp_utils.py -> build/lib.linux-x86_64-3.7/yass/deconvolve
2020-03-12T11:55:09,655     copying src/yass/deconvolve/__init__.py -> build/lib.linux-x86_64-3.7/yass/deconvolve
2020-03-12T11:55:09,656     copying src/yass/deconvolve/utils.py -> build/lib.linux-x86_64-3.7/yass/deconvolve
2020-03-12T11:55:09,656     creating build/lib.linux-x86_64-3.7/yass/config
2020-03-12T11:55:09,656     copying src/yass/config/config.py -> build/lib.linux-x86_64-3.7/yass/config
2020-03-12T11:55:09,656     copying src/yass/config/validate.py -> build/lib.linux-x86_64-3.7/yass/config
2020-03-12T11:55:09,656     copying src/yass/config/__init__.py -> build/lib.linux-x86_64-3.7/yass/config
2020-03-12T11:55:09,656     creating build/lib.linux-x86_64-3.7/yass/visual
2020-03-12T11:55:09,656     copying src/yass/visual/soft_assignment.py -> build/lib.linux-x86_64-3.7/yass/visual
2020-03-12T11:55:09,656     copying src/yass/visual/util.py -> build/lib.linux-x86_64-3.7/yass/visual
2020-03-12T11:55:09,656     copying src/yass/visual/run.py -> build/lib.linux-x86_64-3.7/yass/visual
2020-03-12T11:55:09,657     copying src/yass/visual/ptp_time.py -> build/lib.linux-x86_64-3.7/yass/visual
2020-03-12T11:55:09,657     copying src/yass/visual/__init__.py -> build/lib.linux-x86_64-3.7/yass/visual
2020-03-12T11:55:09,657     copying src/yass/visual/barplots.py -> build/lib.linux-x86_64-3.7/yass/visual
2020-03-12T11:55:09,657     creating build/lib.linux-x86_64-3.7/yass/threshold
2020-03-12T11:55:09,657     copying src/yass/threshold/detect.py -> build/lib.linux-x86_64-3.7/yass/threshold
2020-03-12T11:55:09,657     copying src/yass/threshold/dimensionality_reduction.py -> build/lib.linux-x86_64-3.7/yass/threshold
2020-03-12T11:55:09,657     copying src/yass/threshold/__init__.py -> build/lib.linux-x86_64-3.7/yass/threshold
2020-03-12T11:55:09,657     creating build/lib.linux-x86_64-3.7/yass/residual
2020-03-12T11:55:09,657     copying src/yass/residual/run.py -> build/lib.linux-x86_64-3.7/yass/residual
2020-03-12T11:55:09,658     copying src/yass/residual/residual_gpu.py -> build/lib.linux-x86_64-3.7/yass/residual
2020-03-12T11:55:09,658     copying src/yass/residual/residual.py -> build/lib.linux-x86_64-3.7/yass/residual
2020-03-12T11:55:09,658     copying src/yass/residual/__init__.py -> build/lib.linux-x86_64-3.7/yass/residual
2020-03-12T11:55:09,658     creating build/lib.linux-x86_64-3.7/yass/soft_assignment
2020-03-12T11:55:09,658     copying src/yass/soft_assignment/template.py -> build/lib.linux-x86_64-3.7/yass/soft_assignment
2020-03-12T11:55:09,658     copying src/yass/soft_assignment/run.py -> build/lib.linux-x86_64-3.7/yass/soft_assignment
2020-03-12T11:55:09,658     copying src/yass/soft_assignment/noise.py -> build/lib.linux-x86_64-3.7/yass/soft_assignment
2020-03-12T11:55:09,658     copying src/yass/soft_assignment/__init__.py -> build/lib.linux-x86_64-3.7/yass/soft_assignment
2020-03-12T11:55:09,659     creating build/lib.linux-x86_64-3.7/yass/batch
2020-03-12T11:55:09,659     copying src/yass/batch/util.py -> build/lib.linux-x86_64-3.7/yass/batch
2020-03-12T11:55:09,659     copying src/yass/batch/pipeline.py -> build/lib.linux-x86_64-3.7/yass/batch
2020-03-12T11:55:09,659     copying src/yass/batch/batch.py -> build/lib.linux-x86_64-3.7/yass/batch
2020-03-12T11:55:09,659     copying src/yass/batch/generator.py -> build/lib.linux-x86_64-3.7/yass/batch
2020-03-12T11:55:09,659     copying src/yass/batch/buffer.py -> build/lib.linux-x86_64-3.7/yass/batch
2020-03-12T11:55:09,659     copying src/yass/batch/vectorize.py -> build/lib.linux-x86_64-3.7/yass/batch
2020-03-12T11:55:09,659     copying src/yass/batch/reader.py -> build/lib.linux-x86_64-3.7/yass/batch
2020-03-12T11:55:09,659     copying src/yass/batch/__init__.py -> build/lib.linux-x86_64-3.7/yass/batch
2020-03-12T11:55:09,659     creating build/lib.linux-x86_64-3.7/yass/export
2020-03-12T11:55:09,660     copying src/yass/export/generate.py -> build/lib.linux-x86_64-3.7/yass/export
2020-03-12T11:55:09,660     copying src/yass/export/__init__.py -> build/lib.linux-x86_64-3.7/yass/export
2020-03-12T11:55:09,660     creating build/lib.linux-x86_64-3.7/yass/merge
2020-03-12T11:55:09,660     copying src/yass/merge/merge.py -> build/lib.linux-x86_64-3.7/yass/merge
2020-03-12T11:55:09,660     copying src/yass/merge/util.py -> build/lib.linux-x86_64-3.7/yass/merge
2020-03-12T11:55:09,660     copying src/yass/merge/run.py -> build/lib.linux-x86_64-3.7/yass/merge
2020-03-12T11:55:09,660     copying src/yass/merge/notch.py -> build/lib.linux-x86_64-3.7/yass/merge
2020-03-12T11:55:09,660     copying src/yass/merge/__init__.py -> build/lib.linux-x86_64-3.7/yass/merge
2020-03-12T11:55:09,660     running egg_info
2020-03-12T11:55:09,663     writing src/yass_algorithm.egg-info/PKG-INFO
2020-03-12T11:55:09,664     writing dependency_links to src/yass_algorithm.egg-info/dependency_links.txt
2020-03-12T11:55:09,664     writing entry points to src/yass_algorithm.egg-info/entry_points.txt
2020-03-12T11:55:09,664     writing requirements to src/yass_algorithm.egg-info/requires.txt
2020-03-12T11:55:09,664     writing top-level names to src/yass_algorithm.egg-info/top_level.txt
2020-03-12T11:55:09,667     reading manifest file 'src/yass_algorithm.egg-info/SOURCES.txt'
2020-03-12T11:55:09,668     reading manifest template 'MANIFEST.in'
2020-03-12T11:55:09,670     writing manifest file 'src/yass_algorithm.egg-info/SOURCES.txt'
2020-03-12T11:55:09,671     creating build/lib.linux-x86_64-3.7/yass/assets
2020-03-12T11:55:09,671     creating build/lib.linux-x86_64-3.7/yass/assets/config
2020-03-12T11:55:09,671     copying src/yass/assets/config/schema.yaml -> build/lib.linux-x86_64-3.7/yass/assets/config
2020-03-12T11:55:09,671     creating build/lib.linux-x86_64-3.7/yass/assets/logger
2020-03-12T11:55:09,671     copying src/yass/assets/logger/config.yaml -> build/lib.linux-x86_64-3.7/yass/assets/logger
2020-03-12T11:55:09,671     creating build/lib.linux-x86_64-3.7/yass/assets/nn_models
2020-03-12T11:55:09,671     copying src/yass/assets/nn_models/denoise.pt -> build/lib.linux-x86_64-3.7/yass/assets/nn_models
2020-03-12T11:55:09,671     copying src/yass/assets/nn_models/denoise_31.pt -> build/lib.linux-x86_64-3.7/yass/assets/nn_models
2020-03-12T11:55:09,672     copying src/yass/assets/nn_models/detect.pt -> build/lib.linux-x86_64-3.7/yass/assets/nn_models
2020-03-12T11:55:09,672     copying src/yass/assets/nn_models/detect_31.pt -> build/lib.linux-x86_64-3.7/yass/assets/nn_models
2020-03-12T11:55:09,672     copying src/yass/assets/nn_models/detect_single.pt -> build/lib.linux-x86_64-3.7/yass/assets/nn_models
2020-03-12T11:55:09,672     creating build/lib.linux-x86_64-3.7/yass/assets/phy
2020-03-12T11:55:09,672     copying src/yass/assets/phy/params.py -> build/lib.linux-x86_64-3.7/yass/assets/phy
2020-03-12T11:55:09,672     copying src/diptest/_dip.c -> build/lib.linux-x86_64-3.7/diptest
2020-03-12T11:55:09,672     copying src/diptest/_diptest.c -> build/lib.linux-x86_64-3.7/diptest
2020-03-12T11:55:09,673     copying src/diptest/dip_crit.txt -> build/lib.linux-x86_64-3.7/diptest
2020-03-12T11:55:09,675     running build_ext
2020-03-12T11:55:09,771     building 'diptest._diptest' extension
2020-03-12T11:55:09,771     creating build/temp.linux-x86_64-3.7
2020-03-12T11:55:09,771     creating build/temp.linux-x86_64-3.7/src
2020-03-12T11:55:09,771     creating build/temp.linux-x86_64-3.7/src/diptest
2020-03-12T11:55:09,771     gcc -pthread -B /home/cat/anaconda3/compiler_compat -Wl,--sysroot=/ -Wsign-compare -DNDEBUG -g -fwrapv -O3 -Wall -Wstrict-prototypes -fPIC -I/home/cat/anaconda3/include/python3.7m -I/home/cat/anaconda3/lib/python3.7/site-packages/numpy/core/include -c src/diptest/_dip.c -o build/temp.linux-x86_64-3.7/src/diptest/_dip.o -O3 -std=c99
2020-03-12T11:55:09,883     gcc -pthread -B /home/cat/anaconda3/compiler_compat -Wl,--sysroot=/ -Wsign-compare -DNDEBUG -g -fwrapv -O3 -Wall -Wstrict-prototypes -fPIC -I/home/cat/anaconda3/include/python3.7m -I/home/cat/anaconda3/lib/python3.7/site-packages/numpy/core/include -c src/diptest/_diptest.c -o build/temp.linux-x86_64-3.7/src/diptest/_diptest.o -O3 -std=c99
2020-03-12T11:55:09,946     In file included from /home/cat/anaconda3/lib/python3.7/site-packages/numpy/core/include/numpy/ndarraytypes.h:1832:0,
2020-03-12T11:55:09,946                      from /home/cat/anaconda3/lib/python3.7/site-packages/numpy/core/include/numpy/ndarrayobject.h:12,
2020-03-12T11:55:09,946                      from /home/cat/anaconda3/lib/python3.7/site-packages/numpy/core/include/numpy/arrayobject.h:4,
2020-03-12T11:55:09,946                      from src/diptest/_diptest.c:352:
2020-03-12T11:55:09,946     /home/cat/anaconda3/lib/python3.7/site-packages/numpy/core/include/numpy/npy_1_7_deprecated_api.h:17:2: warning: #warning "Using deprecated NumPy API, disable it with " "#define NPY_NO_DEPRECATED_API NPY_1_7_API_VERSION" [-Wcpp]
2020-03-12T11:55:09,947      #warning "Using deprecated NumPy API, disable it with " \
2020-03-12T11:55:09,947       ^
2020-03-12T11:55:09,995     src/diptest/_diptest.c: In function ‘__Pyx_ExceptionSave’:
2020-03-12T11:55:09,996     src/diptest/_diptest.c:18211:19: error: ‘PyThreadState {aka struct _ts}’ has no member named ‘exc_type’
2020-03-12T11:55:09,996          *type = tstate->exc_type;
2020-03-12T11:55:09,997                        ^
2020-03-12T11:55:09,997     src/diptest/_diptest.c:18212:20: error: ‘PyThreadState {aka struct _ts}’ has no member named ‘exc_value’
2020-03-12T11:55:09,997          *value = tstate->exc_value;
2020-03-12T11:55:09,997                         ^
2020-03-12T11:55:09,997     src/diptest/_diptest.c:18213:17: error: ‘PyThreadState {aka struct _ts}’ has no member named ‘exc_traceback’
2020-03-12T11:55:09,997          *tb = tstate->exc_traceback;
2020-03-12T11:55:09,997                      ^
2020-03-12T11:55:09,997     src/diptest/_diptest.c: In function ‘__Pyx_ExceptionReset’:
2020-03-12T11:55:09,997     src/diptest/_diptest.c:18225:22: error: ‘PyThreadState {aka struct _ts}’ has no member named ‘exc_type’
2020-03-12T11:55:09,998          tmp_type = tstate->exc_type;
2020-03-12T11:55:09,998                           ^
2020-03-12T11:55:09,998     src/diptest/_diptest.c:18226:23: error: ‘PyThreadState {aka struct _ts}’ has no member named ‘exc_value’
2020-03-12T11:55:09,998          tmp_value = tstate->exc_value;
2020-03-12T11:55:09,998                            ^
2020-03-12T11:55:09,998     src/diptest/_diptest.c:18227:20: error: ‘PyThreadState {aka struct _ts}’ has no member named ‘exc_traceback’
2020-03-12T11:55:09,998          tmp_tb = tstate->exc_traceback;
2020-03-12T11:55:09,998                         ^
2020-03-12T11:55:09,998     src/diptest/_diptest.c:18228:11: error: ‘PyThreadState {aka struct _ts}’ has no member named ‘exc_type’
2020-03-12T11:55:09,999          tstate->exc_type = type;
2020-03-12T11:55:09,999                ^
2020-03-12T11:55:09,999     src/diptest/_diptest.c:18229:11: error: ‘PyThreadState {aka struct _ts}’ has no member named ‘exc_value’
2020-03-12T11:55:09,999          tstate->exc_value = value;
2020-03-12T11:55:09,999                ^
2020-03-12T11:55:09,999     src/diptest/_diptest.c:18230:11: error: ‘PyThreadState {aka struct _ts}’ has no member named ‘exc_traceback’
2020-03-12T11:55:09,999          tstate->exc_traceback = tb;
2020-03-12T11:55:09,999                ^
2020-03-12T11:55:09,999     src/diptest/_diptest.c: In function ‘__Pyx_GetException’:
2020-03-12T11:55:10,000     src/diptest/_diptest.c:18273:22: error: ‘PyThreadState {aka struct _ts}’ has no member named ‘exc_type’
2020-03-12T11:55:10,000          tmp_type = tstate->exc_type;
2020-03-12T11:55:10,000                           ^
2020-03-12T11:55:10,000     src/diptest/_diptest.c:18274:23: error: ‘PyThreadState {aka struct _ts}’ has no member named ‘exc_value’
2020-03-12T11:55:10,000          tmp_value = tstate->exc_value;
2020-03-12T11:55:10,000                            ^
2020-03-12T11:55:10,000     src/diptest/_diptest.c:18275:20: error: ‘PyThreadState {aka struct _ts}’ has no member named ‘exc_traceback’
2020-03-12T11:55:10,000          tmp_tb = tstate->exc_traceback;
2020-03-12T11:55:10,000                         ^
2020-03-12T11:55:10,000     src/diptest/_diptest.c:18276:11: error: ‘PyThreadState {aka struct _ts}’ has no member named ‘exc_type’
2020-03-12T11:55:10,001          tstate->exc_type = local_type;
2020-03-12T11:55:10,001                ^
2020-03-12T11:55:10,001     src/diptest/_diptest.c:18277:11: error: ‘PyThreadState {aka struct _ts}’ has no member named ‘exc_value’
2020-03-12T11:55:10,001          tstate->exc_value = local_value;
2020-03-12T11:55:10,001                ^
2020-03-12T11:55:10,001     src/diptest/_diptest.c:18278:11: error: ‘PyThreadState {aka struct _ts}’ has no member named ‘exc_traceback’
2020-03-12T11:55:10,001          tstate->exc_traceback = local_tb;
2020-03-12T11:55:10,001                ^
2020-03-12T11:55:10,001     src/diptest/_diptest.c: In function ‘__Pyx_ExceptionSwap’:
2020-03-12T11:55:10,002     src/diptest/_diptest.c:18300:22: error: ‘PyThreadState {aka struct _ts}’ has no member named ‘exc_type’
2020-03-12T11:55:10,002          tmp_type = tstate->exc_type;
2020-03-12T11:55:10,002                           ^
2020-03-12T11:55:10,002     src/diptest/_diptest.c:18301:23: error: ‘PyThreadState {aka struct _ts}’ has no member named ‘exc_value’
2020-03-12T11:55:10,002          tmp_value = tstate->exc_value;
2020-03-12T11:55:10,002                            ^
2020-03-12T11:55:10,002     src/diptest/_diptest.c:18302:20: error: ‘PyThreadState {aka struct _ts}’ has no member named ‘exc_traceback’
2020-03-12T11:55:10,002          tmp_tb = tstate->exc_traceback;
2020-03-12T11:55:10,002                         ^
2020-03-12T11:55:10,003     src/diptest/_diptest.c:18303:11: error: ‘PyThreadState {aka struct _ts}’ has no member named ‘exc_type’
2020-03-12T11:55:10,003          tstate->exc_type = *type;
2020-03-12T11:55:10,003                ^
2020-03-12T11:55:10,003     src/diptest/_diptest.c:18304:11: error: ‘PyThreadState {aka struct _ts}’ has no member named ‘exc_value’
2020-03-12T11:55:10,003          tstate->exc_value = *value;
2020-03-12T11:55:10,003                ^
2020-03-12T11:55:10,003     src/diptest/_diptest.c:18305:11: error: ‘PyThreadState {aka struct _ts}’ has no member named ‘exc_traceback’
2020-03-12T11:55:10,003          tstate->exc_traceback = *tb;
2020-03-12T11:55:10,003                ^
2020-03-12T11:55:10,005     In file included from /home/cat/anaconda3/lib/python3.7/site-packages/numpy/core/include/numpy/ndarrayobject.h:21:0,
2020-03-12T11:55:10,005                      from /home/cat/anaconda3/lib/python3.7/site-packages/numpy/core/include/numpy/arrayobject.h:4,
2020-03-12T11:55:10,005                      from src/diptest/_diptest.c:352:
2020-03-12T11:55:10,006     src/diptest/_diptest.c: At top level:
2020-03-12T11:55:10,006     /home/cat/anaconda3/lib/python3.7/site-packages/numpy/core/include/numpy/__multiarray_api.h:1463:1: warning: ‘_import_array’ defined but not used [-Wunused-function]
2020-03-12T11:55:10,006      _import_array(void)
2020-03-12T11:55:10,006      ^
2020-03-12T11:55:10,044     error: command 'gcc' failed with exit status 1
2020-03-12T11:55:10,081 Cleaning up...
2020-03-12T11:55:10,081   Removing source in /tmp/pip-req-build-kw1f832t
2020-03-12T11:55:10,108 Removed build tracker: '/tmp/pip-req-tracker-6tya4p24'
2020-03-12T11:55:10,108 ERROR: Command errored out with exit status 1: /home/cat/anaconda3/bin/python -u -c 'import sys, setuptools, tokenize; sys.argv[0] = '"'"'/tmp/pip-req-build-kw1f832t/setup.py'"'"'; __file__='"'"'/tmp/pip-req-build-kw1f832t/setup.py'"'"';f=getattr(tokenize, '"'"'open'"'"', open)(__file__);code=f.read().replace('"'"'\r\n'"'"', '"'"'\n'"'"');f.close();exec(compile(code, __file__, '"'"'exec'"'"'))' install --record /tmp/pip-record-f8ww_kv9/install-record.txt --single-version-externally-managed --compile --install-headers /home/cat/anaconda3/include/python3.7m/yass-algorithm Check the logs for full command output.
2020-03-12T11:55:10,108 Exception information:
2020-03-12T11:55:10,108 Traceback (most recent call last):
2020-03-12T11:55:10,108   File "/home/cat/anaconda3/lib/python3.7/site-packages/pip/_internal/cli/base_command.py", line 186, in _main
2020-03-12T11:55:10,108     status = self.run(options, args)
2020-03-12T11:55:10,108   File "/home/cat/anaconda3/lib/python3.7/site-packages/pip/_internal/commands/install.py", line 404, in run
2020-03-12T11:55:10,108     use_user_site=options.use_user_site,
2020-03-12T11:55:10,108   File "/home/cat/anaconda3/lib/python3.7/site-packages/pip/_internal/req/__init__.py", line 71, in install_given_reqs
2020-03-12T11:55:10,108     **kwargs
2020-03-12T11:55:10,108   File "/home/cat/anaconda3/lib/python3.7/site-packages/pip/_internal/req/req_install.py", line 829, in install
2020-03-12T11:55:10,108     scheme=scheme,
2020-03-12T11:55:10,108   File "/home/cat/anaconda3/lib/python3.7/site-packages/pip/_internal/operations/install/legacy.py", line 72, in install
2020-03-12T11:55:10,108     cwd=install_req.unpacked_source_directory,
2020-03-12T11:55:10,108   File "/home/cat/anaconda3/lib/python3.7/site-packages/pip/_internal/utils/subprocess.py", line 275, in runner
2020-03-12T11:55:10,108     spinner=spinner,
2020-03-12T11:55:10,108   File "/home/cat/anaconda3/lib/python3.7/site-packages/pip/_internal/utils/subprocess.py", line 242, in call_subprocess
2020-03-12T11:55:10,108     raise InstallationError(exc_msg)
2020-03-12T11:55:10,108 pip._internal.exceptions.InstallationError: Command errored out with exit status 1: /home/cat/anaconda3/bin/python -u -c 'import sys, setuptools, tokenize; sys.argv[0] = '"'"'/tmp/pip-req-build-kw1f832t/setup.py'"'"'; __file__='"'"'/tmp/pip-req-build-kw1f832t/setup.py'"'"';f=getattr(tokenize, '"'"'open'"'"', open)(__file__);code=f.read().replace('"'"'\r\n'"'"', '"'"'\n'"'"');f.close();exec(compile(code, __file__, '"'"'exec'"'"'))' install --record /tmp/pip-record-f8ww_kv9/install-record.txt --single-version-externally-managed --compile --install-headers /home/cat/anaconda3/include/python3.7m/yass-algorithm Check the logs for full command output.
2020-03-12T11:56:51,902 Non-user install because site-packages writeable
2020-03-12T11:56:52,032 Created temporary directory: /tmp/pip-ephem-wheel-cache-va4nubmo
2020-03-12T11:56:52,033 Created temporary directory: /tmp/pip-req-tracker-k92zw2r8
2020-03-12T11:56:52,033 Initialized build tracking at /tmp/pip-req-tracker-k92zw2r8
2020-03-12T11:56:52,033 Created build tracker: /tmp/pip-req-tracker-k92zw2r8
2020-03-12T11:56:52,033 Entered build tracker: /tmp/pip-req-tracker-k92zw2r8
2020-03-12T11:56:52,033 Created temporary directory: /tmp/pip-install-znu71irk
2020-03-12T11:56:52,034 Processing /home/cat/Downloads/yass
2020-03-12T11:56:52,035   Created temporary directory: /tmp/pip-req-build-obe_ew18
2020-03-12T11:56:52,130   Added file:///home/cat/Downloads/yass to build tracker '/tmp/pip-req-tracker-k92zw2r8'
2020-03-12T11:56:52,130     Running setup.py (path:/tmp/pip-req-build-obe_ew18/setup.py) egg_info for package from file:///home/cat/Downloads/yass
2020-03-12T11:56:52,130     Running command python setup.py egg_info
2020-03-12T11:56:52,404     running egg_info
2020-03-12T11:56:52,404     creating /tmp/pip-req-build-obe_ew18/pip-egg-info/yass_algorithm.egg-info
2020-03-12T11:56:52,404     writing /tmp/pip-req-build-obe_ew18/pip-egg-info/yass_algorithm.egg-info/PKG-INFO
2020-03-12T11:56:52,404     writing dependency_links to /tmp/pip-req-build-obe_ew18/pip-egg-info/yass_algorithm.egg-info/dependency_links.txt
2020-03-12T11:56:52,404     writing entry points to /tmp/pip-req-build-obe_ew18/pip-egg-info/yass_algorithm.egg-info/entry_points.txt
2020-03-12T11:56:52,405     writing requirements to /tmp/pip-req-build-obe_ew18/pip-egg-info/yass_algorithm.egg-info/requires.txt
2020-03-12T11:56:52,405     writing top-level names to /tmp/pip-req-build-obe_ew18/pip-egg-info/yass_algorithm.egg-info/top_level.txt
2020-03-12T11:56:52,405     writing manifest file '/tmp/pip-req-build-obe_ew18/pip-egg-info/yass_algorithm.egg-info/SOURCES.txt'
2020-03-12T11:56:52,419     reading manifest file '/tmp/pip-req-build-obe_ew18/pip-egg-info/yass_algorithm.egg-info/SOURCES.txt'
2020-03-12T11:56:52,420     reading manifest template 'MANIFEST.in'
2020-03-12T11:56:52,421     writing manifest file '/tmp/pip-req-build-obe_ew18/pip-egg-info/yass_algorithm.egg-info/SOURCES.txt'
2020-03-12T11:56:52,421     /home/cat/anaconda3/lib/python3.7/site-packages/setuptools/dist.py:476: UserWarning: Normalizing '0.10dev' to '0.10.dev0'
2020-03-12T11:56:52,421       normalized_version,
2020-03-12T11:56:52,441   Source in /tmp/pip-req-build-obe_ew18 has version 0.10.dev0, which satisfies requirement yass-algorithm==0.10.dev0 from file:///home/cat/Downloads/yass
2020-03-12T11:56:52,441   Removed yass-algorithm==0.10.dev0 from file:///home/cat/Downloads/yass from build tracker '/tmp/pip-req-tracker-k92zw2r8'
2020-03-12T11:56:52,491 Requirement already satisfied: numpy in /home/cat/anaconda3/lib/python3.7/site-packages (from yass-algorithm==0.10.dev0) (1.18.1)
2020-03-12T11:56:52,492 Requirement already satisfied: scipy in /home/cat/anaconda3/lib/python3.7/site-packages (from yass-algorithm==0.10.dev0) (1.4.1)
2020-03-12T11:56:52,494 Requirement already satisfied: scikit-learn in /home/cat/anaconda3/lib/python3.7/site-packages (from yass-algorithm==0.10.dev0) (0.22.1)
2020-03-12T11:56:52,499 Requirement already satisfied: pyyaml in /home/cat/anaconda3/lib/python3.7/site-packages (from yass-algorithm==0.10.dev0) (5.3)
2020-03-12T11:56:52,500 Requirement already satisfied: python-dateutil in /home/cat/anaconda3/lib/python3.7/site-packages (from yass-algorithm==0.10.dev0) (2.8.1)
2020-03-12T11:56:52,502 Requirement already satisfied: click in /home/cat/anaconda3/lib/python3.7/site-packages (from yass-algorithm==0.10.dev0) (7.0)
2020-03-12T11:56:52,503 Requirement already satisfied: tqdm in /home/cat/anaconda3/lib/python3.7/site-packages (from yass-algorithm==0.10.dev0) (4.42.1)
2020-03-12T11:56:52,510 Requirement already satisfied: multiprocess in /home/cat/anaconda3/lib/python3.7/site-packages (from yass-algorithm==0.10.dev0) (0.70.9)
2020-03-12T11:56:52,511 Requirement already satisfied: coloredlogs in /home/cat/anaconda3/lib/python3.7/site-packages (from yass-algorithm==0.10.dev0) (14.0)
2020-03-12T11:56:52,515 Requirement already satisfied: cerberus in /home/cat/anaconda3/lib/python3.7/site-packages (from yass-algorithm==0.10.dev0) (1.3.2)
2020-03-12T11:56:52,517 Requirement already satisfied: parmap in /home/cat/anaconda3/lib/python3.7/site-packages (from yass-algorithm==0.10.dev0) (1.5.2)
2020-03-12T11:56:52,519 Requirement already satisfied: statsmodels in /home/cat/anaconda3/lib/python3.7/site-packages (from yass-algorithm==0.10.dev0) (0.11.0)
2020-03-12T11:56:52,531 Requirement already satisfied: matplotlib in /home/cat/anaconda3/lib/python3.7/site-packages (from yass-algorithm==0.10.dev0) (3.1.3)
2020-03-12T11:56:52,536 Requirement already satisfied: networkx in /home/cat/anaconda3/lib/python3.7/site-packages (from yass-algorithm==0.10.dev0) (2.4)
2020-03-12T11:56:52,555 Requirement already satisfied: Cython in /home/cat/anaconda3/lib/python3.7/site-packages (from yass-algorithm==0.10.dev0) (0.29.15)
2020-03-12T11:56:52,556 Requirement already satisfied: progressbar2 in /home/cat/anaconda3/lib/python3.7/site-packages (from yass-algorithm==0.10.dev0) (3.50.0)
2020-03-12T11:56:52,566 Requirement already satisfied: h5py in /home/cat/anaconda3/lib/python3.7/site-packages (from yass-algorithm==0.10.dev0) (2.10.0)
2020-03-12T11:56:52,568 Requirement already satisfied: joblib>=0.11 in /home/cat/anaconda3/lib/python3.7/site-packages (from scikit-learn->yass-algorithm==0.10.dev0) (0.14.1)
2020-03-12T11:56:52,570 Requirement already satisfied: six>=1.5 in /home/cat/anaconda3/lib/python3.7/site-packages (from python-dateutil->yass-algorithm==0.10.dev0) (1.14.0)
2020-03-12T11:56:52,571 Requirement already satisfied: dill>=0.3.1 in /home/cat/anaconda3/lib/python3.7/site-packages (from multiprocess->yass-algorithm==0.10.dev0) (0.3.1.1)
2020-03-12T11:56:52,574 Requirement already satisfied: humanfriendly>=7.1 in /home/cat/anaconda3/lib/python3.7/site-packages (from coloredlogs->yass-algorithm==0.10.dev0) (8.1)
2020-03-12T11:56:52,578 Requirement already satisfied: setuptools in /home/cat/anaconda3/lib/python3.7/site-packages (from cerberus->yass-algorithm==0.10.dev0) (45.2.0.post20200210)
2020-03-12T11:56:52,586 Requirement already satisfied: pandas>=0.21 in /home/cat/anaconda3/lib/python3.7/site-packages (from statsmodels->yass-algorithm==0.10.dev0) (1.0.1)
2020-03-12T11:56:52,591 Requirement already satisfied: patsy>=0.5 in /home/cat/anaconda3/lib/python3.7/site-packages (from statsmodels->yass-algorithm==0.10.dev0) (0.5.1)
2020-03-12T11:56:52,594 Requirement already satisfied: pyparsing!=2.0.4,!=2.1.2,!=2.1.6,>=2.0.1 in /home/cat/anaconda3/lib/python3.7/site-packages (from matplotlib->yass-algorithm==0.10.dev0) (2.4.6)
2020-03-12T11:56:52,596 Requirement already satisfied: kiwisolver>=1.0.1 in /home/cat/anaconda3/lib/python3.7/site-packages (from matplotlib->yass-algorithm==0.10.dev0) (1.1.0)
2020-03-12T11:56:52,597 Requirement already satisfied: cycler>=0.10 in /home/cat/anaconda3/lib/python3.7/site-packages (from matplotlib->yass-algorithm==0.10.dev0) (0.10.0)
2020-03-12T11:56:52,599 Requirement already satisfied: decorator>=4.3.0 in /home/cat/anaconda3/lib/python3.7/site-packages (from networkx->yass-algorithm==0.10.dev0) (4.4.1)
2020-03-12T11:56:52,601 Requirement already satisfied: python-utils>=2.3.0 in /home/cat/anaconda3/lib/python3.7/site-packages (from progressbar2->yass-algorithm==0.10.dev0) (2.4.0)
2020-03-12T11:56:52,602 Requirement already satisfied: pytz>=2017.2 in /home/cat/anaconda3/lib/python3.7/site-packages (from pandas>=0.21->statsmodels->yass-algorithm==0.10.dev0) (2019.3)
2020-03-12T11:56:52,604 Building wheels for collected packages: yass-algorithm
2020-03-12T11:56:52,605   Created temporary directory: /tmp/pip-wheel-_wy5k4tc
2020-03-12T11:56:52,605   Destination directory: /tmp/pip-wheel-_wy5k4tc
2020-03-12T11:56:52,605   Running command /home/cat/anaconda3/bin/python -u -c 'import sys, setuptools, tokenize; sys.argv[0] = '"'"'/tmp/pip-req-build-obe_ew18/setup.py'"'"'; __file__='"'"'/tmp/pip-req-build-obe_ew18/setup.py'"'"';f=getattr(tokenize, '"'"'open'"'"', open)(__file__);code=f.read().replace('"'"'\r\n'"'"', '"'"'\n'"'"');f.close();exec(compile(code, __file__, '"'"'exec'"'"'))' bdist_wheel -d /tmp/pip-wheel-_wy5k4tc
2020-03-12T11:56:52,846   /home/cat/anaconda3/lib/python3.7/site-packages/setuptools/dist.py:476: UserWarning: Normalizing '0.10dev' to '0.10.dev0'
2020-03-12T11:56:52,847     normalized_version,
2020-03-12T11:56:52,859   running bdist_wheel
2020-03-12T11:56:52,860   running build
2020-03-12T11:56:52,860   running build_py
2020-03-12T11:56:52,872   creating build
2020-03-12T11:56:52,872   creating build/lib.linux-x86_64-3.7
2020-03-12T11:56:52,872   creating build/lib.linux-x86_64-3.7/yass
2020-03-12T11:56:52,872   copying src/yass/geometry.py -> build/lib.linux-x86_64-3.7/yass
2020-03-12T11:56:52,873   copying src/yass/pipeline_blocks.py -> build/lib.linux-x86_64-3.7/yass
2020-03-12T11:56:52,873   copying src/yass/util.py -> build/lib.linux-x86_64-3.7/yass
2020-03-12T11:56:52,873   copying src/yass/template.py -> build/lib.linux-x86_64-3.7/yass
2020-03-12T11:56:52,873   copying src/yass/pipeline_residual.py -> build/lib.linux-x86_64-3.7/yass
2020-03-12T11:56:52,874   copying src/yass/mfm.py -> build/lib.linux-x86_64-3.7/yass
2020-03-12T11:56:52,875   copying src/yass/pipeline.py -> build/lib.linux-x86_64-3.7/yass
2020-03-12T11:56:52,875   copying src/yass/correlograms_phy.py -> build/lib.linux-x86_64-3.7/yass
2020-03-12T11:56:52,875   copying src/yass/pd_split.py -> build/lib.linux-x86_64-3.7/yass
2020-03-12T11:56:52,875   copying src/yass/array.py -> build/lib.linux-x86_64-3.7/yass
2020-03-12T11:56:52,875   copying src/yass/pipeline_nn_training.py -> build/lib.linux-x86_64-3.7/yass
2020-03-12T11:56:52,875   copying src/yass/template_update.py -> build/lib.linux-x86_64-3.7/yass
2020-03-12T11:56:52,875   copying src/yass/reader.py -> build/lib.linux-x86_64-3.7/yass
2020-03-12T11:56:52,875   copying src/yass/pipeline_original.py -> build/lib.linux-x86_64-3.7/yass
2020-03-12T11:56:52,875   copying src/yass/command_line.py -> build/lib.linux-x86_64-3.7/yass
2020-03-12T11:56:52,876   copying src/yass/noise.py -> build/lib.linux-x86_64-3.7/yass
2020-03-12T11:56:52,876   copying src/yass/empty.py -> build/lib.linux-x86_64-3.7/yass
2020-03-12T11:56:52,876   copying src/yass/__init__.py -> build/lib.linux-x86_64-3.7/yass
2020-03-12T11:56:52,876   creating build/lib.linux-x86_64-3.7/diptest
2020-03-12T11:56:52,876   copying src/diptest/_interface.py -> build/lib.linux-x86_64-3.7/diptest
2020-03-12T11:56:52,876   copying src/diptest/__init__.py -> build/lib.linux-x86_64-3.7/diptest
2020-03-12T11:56:52,876   creating build/lib.linux-x86_64-3.7/yass/evaluate
2020-03-12T11:56:52,876   copying src/yass/evaluate/stability.py -> build/lib.linux-x86_64-3.7/yass/evaluate
2020-03-12T11:56:52,876   copying src/yass/evaluate/analyzer.py -> build/lib.linux-x86_64-3.7/yass/evaluate
2020-03-12T11:56:52,876   copying src/yass/evaluate/util.py -> build/lib.linux-x86_64-3.7/yass/evaluate
2020-03-12T11:56:52,877   copying src/yass/evaluate/visualization.py -> build/lib.linux-x86_64-3.7/yass/evaluate
2020-03-12T11:56:52,877   copying src/yass/evaluate/stability_filters.py -> build/lib.linux-x86_64-3.7/yass/evaluate
2020-03-12T11:56:52,877   copying src/yass/evaluate/__init__.py -> build/lib.linux-x86_64-3.7/yass/evaluate
2020-03-12T11:56:52,877   creating build/lib.linux-x86_64-3.7/yass/postprocess
2020-03-12T11:56:52,877   copying src/yass/postprocess/collision.py -> build/lib.linux-x86_64-3.7/yass/postprocess
2020-03-12T11:56:52,877   copying src/yass/postprocess/util.py -> build/lib.linux-x86_64-3.7/yass/postprocess
2020-03-12T11:56:52,877   copying src/yass/postprocess/run.py -> build/lib.linux-x86_64-3.7/yass/postprocess
2020-03-12T11:56:52,877   copying src/yass/postprocess/xcorr_peaks.py -> build/lib.linux-x86_64-3.7/yass/postprocess
2020-03-12T11:56:52,878   copying src/yass/postprocess/low_fr.py -> build/lib.linux-x86_64-3.7/yass/postprocess
2020-03-12T11:56:52,878   copying src/yass/postprocess/duplicate_l2.py -> build/lib.linux-x86_64-3.7/yass/postprocess
2020-03-12T11:56:52,878   copying src/yass/postprocess/duplicate_soft_assignment.py -> build/lib.linux-x86_64-3.7/yass/postprocess
2020-03-12T11:56:52,878   copying src/yass/postprocess/small_ptp.py -> build/lib.linux-x86_64-3.7/yass/postprocess
2020-03-12T11:56:52,878   copying src/yass/postprocess/duplicate.py -> build/lib.linux-x86_64-3.7/yass/postprocess
2020-03-12T11:56:52,878   copying src/yass/postprocess/mad.py -> build/lib.linux-x86_64-3.7/yass/postprocess
2020-03-12T11:56:52,878   copying src/yass/postprocess/high_fr.py -> build/lib.linux-x86_64-3.7/yass/postprocess
2020-03-12T11:56:52,878   copying src/yass/postprocess/__init__.py -> build/lib.linux-x86_64-3.7/yass/postprocess
2020-03-12T11:56:52,878   copying src/yass/postprocess/off_centered.py -> build/lib.linux-x86_64-3.7/yass/postprocess
2020-03-12T11:56:52,878   creating build/lib.linux-x86_64-3.7/yass/phy
2020-03-12T11:56:52,879   copying src/yass/phy/run.py -> build/lib.linux-x86_64-3.7/yass/phy
2020-03-12T11:56:52,879   copying src/yass/phy/__init__.py -> build/lib.linux-x86_64-3.7/yass/phy
2020-03-12T11:56:52,879   creating build/lib.linux-x86_64-3.7/yass/rf
2020-03-12T11:56:52,879   copying src/yass/rf/util.py -> build/lib.linux-x86_64-3.7/yass/rf
2020-03-12T11:56:52,879   copying src/yass/rf/run.py -> build/lib.linux-x86_64-3.7/yass/rf
2020-03-12T11:56:52,879   copying src/yass/rf/__init__.py -> build/lib.linux-x86_64-3.7/yass/rf
2020-03-12T11:56:52,879   copying src/yass/rf/sta_fit.py -> build/lib.linux-x86_64-3.7/yass/rf
2020-03-12T11:56:52,879   creating build/lib.linux-x86_64-3.7/yass/explore
2020-03-12T11:56:52,879   copying src/yass/explore/table.py -> build/lib.linux-x86_64-3.7/yass/explore
2020-03-12T11:56:52,880   copying src/yass/explore/receptive_fields.py -> build/lib.linux-x86_64-3.7/yass/explore
2020-03-12T11:56:52,880   copying src/yass/explore/__init__.py -> build/lib.linux-x86_64-3.7/yass/explore
2020-03-12T11:56:52,880   copying src/yass/explore/explorers.py -> build/lib.linux-x86_64-3.7/yass/explore
2020-03-12T11:56:52,880   creating build/lib.linux-x86_64-3.7/yass/augment
2020-03-12T11:56:52,880   copying src/yass/augment/util.py -> build/lib.linux-x86_64-3.7/yass/augment
2020-03-12T11:56:52,880   copying src/yass/augment/run.py -> build/lib.linux-x86_64-3.7/yass/augment
2020-03-12T11:56:52,880   copying src/yass/augment/noise.py -> build/lib.linux-x86_64-3.7/yass/augment
2020-03-12T11:56:52,880   copying src/yass/augment/__init__.py -> build/lib.linux-x86_64-3.7/yass/augment
2020-03-12T11:56:52,880   creating build/lib.linux-x86_64-3.7/yass/neuralnetwork
2020-03-12T11:56:52,880   copying src/yass/neuralnetwork/model_denoiser.py -> build/lib.linux-x86_64-3.7/yass/neuralnetwork
2020-03-12T11:56:52,881   copying src/yass/neuralnetwork/model_detector.py -> build/lib.linux-x86_64-3.7/yass/neuralnetwork
2020-03-12T11:56:52,881   copying src/yass/neuralnetwork/__init__.py -> build/lib.linux-x86_64-3.7/yass/neuralnetwork
2020-03-12T11:56:52,881   creating build/lib.linux-x86_64-3.7/yass/detect
2020-03-12T11:56:52,881   copying src/yass/detect/run.py -> build/lib.linux-x86_64-3.7/yass/detect
2020-03-12T11:56:52,881   copying src/yass/detect/output.py -> build/lib.linux-x86_64-3.7/yass/detect
2020-03-12T11:56:52,881   copying src/yass/detect/deduplication_old.py -> build/lib.linux-x86_64-3.7/yass/detect
2020-03-12T11:56:52,881   copying src/yass/detect/deduplication.py -> build/lib.linux-x86_64-3.7/yass/detect
2020-03-12T11:56:52,881   copying src/yass/detect/__init__.py -> build/lib.linux-x86_64-3.7/yass/detect
2020-03-12T11:56:52,881   creating build/lib.linux-x86_64-3.7/yass/preprocess
2020-03-12T11:56:52,882   copying src/yass/preprocess/util.py -> build/lib.linux-x86_64-3.7/yass/preprocess
2020-03-12T11:56:52,882   copying src/yass/preprocess/run.py -> build/lib.linux-x86_64-3.7/yass/preprocess
2020-03-12T11:56:52,882   copying src/yass/preprocess/__init__.py -> build/lib.linux-x86_64-3.7/yass/preprocess
2020-03-12T11:56:52,882   creating build/lib.linux-x86_64-3.7/yass/cluster
2020-03-12T11:56:52,882   copying src/yass/cluster/sharpen.py -> build/lib.linux-x86_64-3.7/yass/cluster
2020-03-12T11:56:52,882   copying src/yass/cluster/getptp.py -> build/lib.linux-x86_64-3.7/yass/cluster
2020-03-12T11:56:52,882   copying src/yass/cluster/util.py -> build/lib.linux-x86_64-3.7/yass/cluster
2020-03-12T11:56:52,882   copying src/yass/cluster/run.py -> build/lib.linux-x86_64-3.7/yass/cluster
2020-03-12T11:56:52,882   copying src/yass/cluster/cluster.py -> build/lib.linux-x86_64-3.7/yass/cluster
2020-03-12T11:56:52,882   copying src/yass/cluster/ptp_split.py -> build/lib.linux-x86_64-3.7/yass/cluster
2020-03-12T11:56:52,883   copying src/yass/cluster/cluster_test.py -> build/lib.linux-x86_64-3.7/yass/cluster
2020-03-12T11:56:52,883   copying src/yass/cluster/__init__.py -> build/lib.linux-x86_64-3.7/yass/cluster
2020-03-12T11:56:52,883   creating build/lib.linux-x86_64-3.7/yass/deconvolve
2020-03-12T11:56:52,883   copying src/yass/deconvolve/match_pursuit_gpu_test.py -> build/lib.linux-x86_64-3.7/yass/deconvolve
2020-03-12T11:56:52,883   copying src/yass/deconvolve/match_pursuit_gpu_new.py -> build/lib.linux-x86_64-3.7/yass/deconvolve
2020-03-12T11:56:52,883   copying src/yass/deconvolve/util.py -> build/lib.linux-x86_64-3.7/yass/deconvolve
2020-03-12T11:56:52,883   copying src/yass/deconvolve/run.py -> build/lib.linux-x86_64-3.7/yass/deconvolve
2020-03-12T11:56:52,884   copying src/yass/deconvolve/run_old.py -> build/lib.linux-x86_64-3.7/yass/deconvolve
2020-03-12T11:56:52,884   copying src/yass/deconvolve/utils_old.py -> build/lib.linux-x86_64-3.7/yass/deconvolve
2020-03-12T11:56:52,884   copying src/yass/deconvolve/run_original.py -> build/lib.linux-x86_64-3.7/yass/deconvolve
2020-03-12T11:56:52,884   copying src/yass/deconvolve/deconvolve_old.py -> build/lib.linux-x86_64-3.7/yass/deconvolve
2020-03-12T11:56:52,884   copying src/yass/deconvolve/match_pursuit.py -> build/lib.linux-x86_64-3.7/yass/deconvolve
2020-03-12T11:56:52,884   copying src/yass/deconvolve/match_pursuit_gpu.py -> build/lib.linux-x86_64-3.7/yass/deconvolve
2020-03-12T11:56:52,884   copying src/yass/deconvolve/deconv_exp_utils.py -> build/lib.linux-x86_64-3.7/yass/deconvolve
2020-03-12T11:56:52,884   copying src/yass/deconvolve/__init__.py -> build/lib.linux-x86_64-3.7/yass/deconvolve
2020-03-12T11:56:52,884   copying src/yass/deconvolve/utils.py -> build/lib.linux-x86_64-3.7/yass/deconvolve
2020-03-12T11:56:52,885   creating build/lib.linux-x86_64-3.7/yass/config
2020-03-12T11:56:52,885   copying src/yass/config/config.py -> build/lib.linux-x86_64-3.7/yass/config
2020-03-12T11:56:52,885   copying src/yass/config/validate.py -> build/lib.linux-x86_64-3.7/yass/config
2020-03-12T11:56:52,885   copying src/yass/config/__init__.py -> build/lib.linux-x86_64-3.7/yass/config
2020-03-12T11:56:52,885   creating build/lib.linux-x86_64-3.7/yass/visual
2020-03-12T11:56:52,885   copying src/yass/visual/soft_assignment.py -> build/lib.linux-x86_64-3.7/yass/visual
2020-03-12T11:56:52,885   copying src/yass/visual/util.py -> build/lib.linux-x86_64-3.7/yass/visual
2020-03-12T11:56:52,885   copying src/yass/visual/run.py -> build/lib.linux-x86_64-3.7/yass/visual
2020-03-12T11:56:52,886   copying src/yass/visual/ptp_time.py -> build/lib.linux-x86_64-3.7/yass/visual
2020-03-12T11:56:52,886   copying src/yass/visual/__init__.py -> build/lib.linux-x86_64-3.7/yass/visual
2020-03-12T11:56:52,886   copying src/yass/visual/barplots.py -> build/lib.linux-x86_64-3.7/yass/visual
2020-03-12T11:56:52,886   creating build/lib.linux-x86_64-3.7/yass/threshold
2020-03-12T11:56:52,886   copying src/yass/threshold/detect.py -> build/lib.linux-x86_64-3.7/yass/threshold
2020-03-12T11:56:52,886   copying src/yass/threshold/dimensionality_reduction.py -> build/lib.linux-x86_64-3.7/yass/threshold
2020-03-12T11:56:52,886   copying src/yass/threshold/__init__.py -> build/lib.linux-x86_64-3.7/yass/threshold
2020-03-12T11:56:52,886   creating build/lib.linux-x86_64-3.7/yass/residual
2020-03-12T11:56:52,886   copying src/yass/residual/run.py -> build/lib.linux-x86_64-3.7/yass/residual
2020-03-12T11:56:52,887   copying src/yass/residual/residual_gpu.py -> build/lib.linux-x86_64-3.7/yass/residual
2020-03-12T11:56:52,887   copying src/yass/residual/residual.py -> build/lib.linux-x86_64-3.7/yass/residual
2020-03-12T11:56:52,887   copying src/yass/residual/__init__.py -> build/lib.linux-x86_64-3.7/yass/residual
2020-03-12T11:56:52,887   creating build/lib.linux-x86_64-3.7/yass/soft_assignment
2020-03-12T11:56:52,887   copying src/yass/soft_assignment/template.py -> build/lib.linux-x86_64-3.7/yass/soft_assignment
2020-03-12T11:56:52,887   copying src/yass/soft_assignment/run.py -> build/lib.linux-x86_64-3.7/yass/soft_assignment
2020-03-12T11:56:52,887   copying src/yass/soft_assignment/noise.py -> build/lib.linux-x86_64-3.7/yass/soft_assignment
2020-03-12T11:56:52,887   copying src/yass/soft_assignment/__init__.py -> build/lib.linux-x86_64-3.7/yass/soft_assignment
2020-03-12T11:56:52,888   creating build/lib.linux-x86_64-3.7/yass/batch
2020-03-12T11:56:52,888   copying src/yass/batch/util.py -> build/lib.linux-x86_64-3.7/yass/batch
2020-03-12T11:56:52,888   copying src/yass/batch/pipeline.py -> build/lib.linux-x86_64-3.7/yass/batch
2020-03-12T11:56:52,888   copying src/yass/batch/batch.py -> build/lib.linux-x86_64-3.7/yass/batch
2020-03-12T11:56:52,888   copying src/yass/batch/generator.py -> build/lib.linux-x86_64-3.7/yass/batch
2020-03-12T11:56:52,888   copying src/yass/batch/buffer.py -> build/lib.linux-x86_64-3.7/yass/batch
2020-03-12T11:56:52,888   copying src/yass/batch/vectorize.py -> build/lib.linux-x86_64-3.7/yass/batch
2020-03-12T11:56:52,888   copying src/yass/batch/reader.py -> build/lib.linux-x86_64-3.7/yass/batch
2020-03-12T11:56:52,888   copying src/yass/batch/__init__.py -> build/lib.linux-x86_64-3.7/yass/batch
2020-03-12T11:56:52,888   creating build/lib.linux-x86_64-3.7/yass/export
2020-03-12T11:56:52,889   copying src/yass/export/generate.py -> build/lib.linux-x86_64-3.7/yass/export
2020-03-12T11:56:52,889   copying src/yass/export/__init__.py -> build/lib.linux-x86_64-3.7/yass/export
2020-03-12T11:56:52,889   creating build/lib.linux-x86_64-3.7/yass/merge
2020-03-12T11:56:52,889   copying src/yass/merge/merge.py -> build/lib.linux-x86_64-3.7/yass/merge
2020-03-12T11:56:52,889   copying src/yass/merge/util.py -> build/lib.linux-x86_64-3.7/yass/merge
2020-03-12T11:56:52,889   copying src/yass/merge/run.py -> build/lib.linux-x86_64-3.7/yass/merge
2020-03-12T11:56:52,889   copying src/yass/merge/notch.py -> build/lib.linux-x86_64-3.7/yass/merge
2020-03-12T11:56:52,889   copying src/yass/merge/__init__.py -> build/lib.linux-x86_64-3.7/yass/merge
2020-03-12T11:56:52,889   running egg_info
2020-03-12T11:56:52,892   creating src/yass_algorithm.egg-info
2020-03-12T11:56:52,892   writing src/yass_algorithm.egg-info/PKG-INFO
2020-03-12T11:56:52,893   writing dependency_links to src/yass_algorithm.egg-info/dependency_links.txt
2020-03-12T11:56:52,893   writing entry points to src/yass_algorithm.egg-info/entry_points.txt
2020-03-12T11:56:52,893   writing requirements to src/yass_algorithm.egg-info/requires.txt
2020-03-12T11:56:52,893   writing top-level names to src/yass_algorithm.egg-info/top_level.txt
2020-03-12T11:56:52,893   writing manifest file 'src/yass_algorithm.egg-info/SOURCES.txt'
2020-03-12T11:56:52,896   reading manifest file 'src/yass_algorithm.egg-info/SOURCES.txt'
2020-03-12T11:56:52,896   reading manifest template 'MANIFEST.in'
2020-03-12T11:56:52,898   writing manifest file 'src/yass_algorithm.egg-info/SOURCES.txt'
2020-03-12T11:56:52,899   creating build/lib.linux-x86_64-3.7/yass/assets
2020-03-12T11:56:52,899   creating build/lib.linux-x86_64-3.7/yass/assets/config
2020-03-12T11:56:52,899   copying src/yass/assets/config/schema.yaml -> build/lib.linux-x86_64-3.7/yass/assets/config
2020-03-12T11:56:52,899   creating build/lib.linux-x86_64-3.7/yass/assets/logger
2020-03-12T11:56:52,899   copying src/yass/assets/logger/config.yaml -> build/lib.linux-x86_64-3.7/yass/assets/logger
2020-03-12T11:56:52,899   creating build/lib.linux-x86_64-3.7/yass/assets/nn_models
2020-03-12T11:56:52,899   copying src/yass/assets/nn_models/denoise.pt -> build/lib.linux-x86_64-3.7/yass/assets/nn_models
2020-03-12T11:56:52,899   copying src/yass/assets/nn_models/denoise_31.pt -> build/lib.linux-x86_64-3.7/yass/assets/nn_models
2020-03-12T11:56:52,899   copying src/yass/assets/nn_models/detect.pt -> build/lib.linux-x86_64-3.7/yass/assets/nn_models
2020-03-12T11:56:52,899   copying src/yass/assets/nn_models/detect_31.pt -> build/lib.linux-x86_64-3.7/yass/assets/nn_models
2020-03-12T11:56:52,900   copying src/yass/assets/nn_models/detect_single.pt -> build/lib.linux-x86_64-3.7/yass/assets/nn_models
2020-03-12T11:56:52,900   creating build/lib.linux-x86_64-3.7/yass/assets/phy
2020-03-12T11:56:52,900   copying src/yass/assets/phy/params.py -> build/lib.linux-x86_64-3.7/yass/assets/phy
2020-03-12T11:56:52,900   copying src/diptest/_dip.c -> build/lib.linux-x86_64-3.7/diptest
2020-03-12T11:56:52,900   copying src/diptest/_diptest.c -> build/lib.linux-x86_64-3.7/diptest
2020-03-12T11:56:52,901   copying src/diptest/dip_crit.txt -> build/lib.linux-x86_64-3.7/diptest
2020-03-12T11:56:52,903   running build_ext
2020-03-12T11:56:53,000   building 'diptest._diptest' extension
2020-03-12T11:56:53,000   creating build/temp.linux-x86_64-3.7
2020-03-12T11:56:53,000   creating build/temp.linux-x86_64-3.7/src
2020-03-12T11:56:53,000   creating build/temp.linux-x86_64-3.7/src/diptest
2020-03-12T11:56:53,000   gcc -pthread -B /home/cat/anaconda3/compiler_compat -Wl,--sysroot=/ -Wsign-compare -DNDEBUG -g -fwrapv -O3 -Wall -Wstrict-prototypes -fPIC -I/home/cat/anaconda3/include/python3.7m -I/home/cat/anaconda3/lib/python3.7/site-packages/numpy/core/include -c src/diptest/_dip.c -o build/temp.linux-x86_64-3.7/src/diptest/_dip.o -O3 -std=c99
2020-03-12T11:56:53,115   gcc -pthread -B /home/cat/anaconda3/compiler_compat -Wl,--sysroot=/ -Wsign-compare -DNDEBUG -g -fwrapv -O3 -Wall -Wstrict-prototypes -fPIC -I/home/cat/anaconda3/include/python3.7m -I/home/cat/anaconda3/lib/python3.7/site-packages/numpy/core/include -c src/diptest/_diptest.c -o build/temp.linux-x86_64-3.7/src/diptest/_diptest.o -O3 -std=c99
2020-03-12T11:56:53,181   In file included from /home/cat/anaconda3/lib/python3.7/site-packages/numpy/core/include/numpy/ndarraytypes.h:1832:0,
2020-03-12T11:56:53,181                    from /home/cat/anaconda3/lib/python3.7/site-packages/numpy/core/include/numpy/ndarrayobject.h:12,
2020-03-12T11:56:53,182                    from /home/cat/anaconda3/lib/python3.7/site-packages/numpy/core/include/numpy/arrayobject.h:4,
2020-03-12T11:56:53,182                    from src/diptest/_diptest.c:352:
2020-03-12T11:56:53,182   /home/cat/anaconda3/lib/python3.7/site-packages/numpy/core/include/numpy/npy_1_7_deprecated_api.h:17:2: warning: #warning "Using deprecated NumPy API, disable it with " "#define NPY_NO_DEPRECATED_API NPY_1_7_API_VERSION" [-Wcpp]
2020-03-12T11:56:53,182    #warning "Using deprecated NumPy API, disable it with " \
2020-03-12T11:56:53,182     ^
2020-03-12T11:56:53,229   src/diptest/_diptest.c: In function ‘__Pyx_ExceptionSave’:
2020-03-12T11:56:53,230   src/diptest/_diptest.c:18211:19: error: ‘PyThreadState {aka struct _ts}’ has no member named ‘exc_type’
2020-03-12T11:56:53,230        *type = tstate->exc_type;
2020-03-12T11:56:53,230                      ^
2020-03-12T11:56:53,230   src/diptest/_diptest.c:18212:20: error: ‘PyThreadState {aka struct _ts}’ has no member named ‘exc_value’
2020-03-12T11:56:53,230        *value = tstate->exc_value;
2020-03-12T11:56:53,231                       ^
2020-03-12T11:56:53,231   src/diptest/_diptest.c:18213:17: error: ‘PyThreadState {aka struct _ts}’ has no member named ‘exc_traceback’
2020-03-12T11:56:53,231        *tb = tstate->exc_traceback;
2020-03-12T11:56:53,231                    ^
2020-03-12T11:56:53,231   src/diptest/_diptest.c: In function ‘__Pyx_ExceptionReset’:
2020-03-12T11:56:53,231   src/diptest/_diptest.c:18225:22: error: ‘PyThreadState {aka struct _ts}’ has no member named ‘exc_type’
2020-03-12T11:56:53,231        tmp_type = tstate->exc_type;
2020-03-12T11:56:53,231                         ^
2020-03-12T11:56:53,231   src/diptest/_diptest.c:18226:23: error: ‘PyThreadState {aka struct _ts}’ has no member named ‘exc_value’
2020-03-12T11:56:53,231        tmp_value = tstate->exc_value;
2020-03-12T11:56:53,231                          ^
2020-03-12T11:56:53,232   src/diptest/_diptest.c:18227:20: error: ‘PyThreadState {aka struct _ts}’ has no member named ‘exc_traceback’
2020-03-12T11:56:53,232        tmp_tb = tstate->exc_traceback;
2020-03-12T11:56:53,232                       ^
2020-03-12T11:56:53,232   src/diptest/_diptest.c:18228:11: error: ‘PyThreadState {aka struct _ts}’ has no member named ‘exc_type’
2020-03-12T11:56:53,232        tstate->exc_type = type;
2020-03-12T11:56:53,232              ^
2020-03-12T11:56:53,232   src/diptest/_diptest.c:18229:11: error: ‘PyThreadState {aka struct _ts}’ has no member named ‘exc_value’
2020-03-12T11:56:53,232        tstate->exc_value = value;
2020-03-12T11:56:53,232              ^
2020-03-12T11:56:53,232   src/diptest/_diptest.c:18230:11: error: ‘PyThreadState {aka struct _ts}’ has no member named ‘exc_traceback’
2020-03-12T11:56:53,233        tstate->exc_traceback = tb;
2020-03-12T11:56:53,233              ^
2020-03-12T11:56:53,233   src/diptest/_diptest.c: In function ‘__Pyx_GetException’:
2020-03-12T11:56:53,233   src/diptest/_diptest.c:18273:22: error: ‘PyThreadState {aka struct _ts}’ has no member named ‘exc_type’
2020-03-12T11:56:53,233        tmp_type = tstate->exc_type;
2020-03-12T11:56:53,233                         ^
2020-03-12T11:56:53,233   src/diptest/_diptest.c:18274:23: error: ‘PyThreadState {aka struct _ts}’ has no member named ‘exc_value’
2020-03-12T11:56:53,233        tmp_value = tstate->exc_value;
2020-03-12T11:56:53,233                          ^
2020-03-12T11:56:53,233   src/diptest/_diptest.c:18275:20: error: ‘PyThreadState {aka struct _ts}’ has no member named ‘exc_traceback’
2020-03-12T11:56:53,233        tmp_tb = tstate->exc_traceback;
2020-03-12T11:56:53,234                       ^
2020-03-12T11:56:53,234   src/diptest/_diptest.c:18276:11: error: ‘PyThreadState {aka struct _ts}’ has no member named ‘exc_type’
2020-03-12T11:56:53,234        tstate->exc_type = local_type;
2020-03-12T11:56:53,234              ^
2020-03-12T11:56:53,234   src/diptest/_diptest.c:18277:11: error: ‘PyThreadState {aka struct _ts}’ has no member named ‘exc_value’
2020-03-12T11:56:53,234        tstate->exc_value = local_value;
2020-03-12T11:56:53,234              ^
2020-03-12T11:56:53,234   src/diptest/_diptest.c:18278:11: error: ‘PyThreadState {aka struct _ts}’ has no member named ‘exc_traceback’
2020-03-12T11:56:53,234        tstate->exc_traceback = local_tb;
2020-03-12T11:56:53,234              ^
2020-03-12T11:56:53,235   src/diptest/_diptest.c: In function ‘__Pyx_ExceptionSwap’:
2020-03-12T11:56:53,235   src/diptest/_diptest.c:18300:22: error: ‘PyThreadState {aka struct _ts}’ has no member named ‘exc_type’
2020-03-12T11:56:53,235        tmp_type = tstate->exc_type;
2020-03-12T11:56:53,235                         ^
2020-03-12T11:56:53,235   src/diptest/_diptest.c:18301:23: error: ‘PyThreadState {aka struct _ts}’ has no member named ‘exc_value’
2020-03-12T11:56:53,235        tmp_value = tstate->exc_value;
2020-03-12T11:56:53,235                          ^
2020-03-12T11:56:53,235   src/diptest/_diptest.c:18302:20: error: ‘PyThreadState {aka struct _ts}’ has no member named ‘exc_traceback’
2020-03-12T11:56:53,235        tmp_tb = tstate->exc_traceback;
2020-03-12T11:56:53,235                       ^
2020-03-12T11:56:53,236   src/diptest/_diptest.c:18303:11: error: ‘PyThreadState {aka struct _ts}’ has no member named ‘exc_type’
2020-03-12T11:56:53,236        tstate->exc_type = *type;
2020-03-12T11:56:53,236              ^
2020-03-12T11:56:53,236   src/diptest/_diptest.c:18304:11: error: ‘PyThreadState {aka struct _ts}’ has no member named ‘exc_value’
2020-03-12T11:56:53,236        tstate->exc_value = *value;
2020-03-12T11:56:53,236              ^
2020-03-12T11:56:53,236   src/diptest/_diptest.c:18305:11: error: ‘PyThreadState {aka struct _ts}’ has no member named ‘exc_traceback’
2020-03-12T11:56:53,236        tstate->exc_traceback = *tb;
2020-03-12T11:56:53,236              ^
2020-03-12T11:56:53,238   In file included from /home/cat/anaconda3/lib/python3.7/site-packages/numpy/core/include/numpy/ndarrayobject.h:21:0,
2020-03-12T11:56:53,238                    from /home/cat/anaconda3/lib/python3.7/site-packages/numpy/core/include/numpy/arrayobject.h:4,
2020-03-12T11:56:53,238                    from src/diptest/_diptest.c:352:
2020-03-12T11:56:53,238   src/diptest/_diptest.c: At top level:
2020-03-12T11:56:53,239   /home/cat/anaconda3/lib/python3.7/site-packages/numpy/core/include/numpy/__multiarray_api.h:1463:1: warning: ‘_import_array’ defined but not used [-Wunused-function]
2020-03-12T11:56:53,239    _import_array(void)
2020-03-12T11:56:53,239    ^
2020-03-12T11:56:53,278   error: command 'gcc' failed with exit status 1
2020-03-12T11:56:53,317   ERROR: Failed building wheel for yass-algorithm
2020-03-12T11:56:53,318   Running setup.py clean for yass-algorithm
2020-03-12T11:56:53,319   Running command /home/cat/anaconda3/bin/python -u -c 'import sys, setuptools, tokenize; sys.argv[0] = '"'"'/tmp/pip-req-build-obe_ew18/setup.py'"'"'; __file__='"'"'/tmp/pip-req-build-obe_ew18/setup.py'"'"';f=getattr(tokenize, '"'"'open'"'"', open)(__file__);code=f.read().replace('"'"'\r\n'"'"', '"'"'\n'"'"');f.close();exec(compile(code, __file__, '"'"'exec'"'"'))' clean --all
2020-03-12T11:56:53,558   /home/cat/anaconda3/lib/python3.7/site-packages/setuptools/dist.py:476: UserWarning: Normalizing '0.10dev' to '0.10.dev0'
2020-03-12T11:56:53,558     normalized_version,
2020-03-12T11:56:53,567   running clean
2020-03-12T11:56:53,568   removing 'build/temp.linux-x86_64-3.7' (and everything under it)
2020-03-12T11:56:53,568   removing 'build/lib.linux-x86_64-3.7' (and everything under it)
2020-03-12T11:56:53,571   'build/bdist.linux-x86_64' does not exist -- can't clean it
2020-03-12T11:56:53,571   'build/scripts-3.7' does not exist -- can't clean it
2020-03-12T11:56:53,571   removing 'build'
2020-03-12T11:56:53,586 Failed to build yass-algorithm
2020-03-12T11:56:54,178 Installing collected packages: yass-algorithm
2020-03-12T11:56:54,179   Created temporary directory: /tmp/pip-record-dwvfjnam
2020-03-12T11:56:54,179     Running command /home/cat/anaconda3/bin/python -u -c 'import sys, setuptools, tokenize; sys.argv[0] = '"'"'/tmp/pip-req-build-obe_ew18/setup.py'"'"'; __file__='"'"'/tmp/pip-req-build-obe_ew18/setup.py'"'"';f=getattr(tokenize, '"'"'open'"'"', open)(__file__);code=f.read().replace('"'"'\r\n'"'"', '"'"'\n'"'"');f.close();exec(compile(code, __file__, '"'"'exec'"'"'))' install --record /tmp/pip-record-dwvfjnam/install-record.txt --single-version-externally-managed --compile --install-headers /home/cat/anaconda3/include/python3.7m/yass-algorithm
2020-03-12T11:56:54,422     /home/cat/anaconda3/lib/python3.7/site-packages/setuptools/dist.py:476: UserWarning: Normalizing '0.10dev' to '0.10.dev0'
2020-03-12T11:56:54,422       normalized_version,
2020-03-12T11:56:54,431     running install
2020-03-12T11:56:54,432     running build
2020-03-12T11:56:54,432     running build_py
2020-03-12T11:56:54,445     creating build
2020-03-12T11:56:54,445     creating build/lib.linux-x86_64-3.7
2020-03-12T11:56:54,445     creating build/lib.linux-x86_64-3.7/yass
2020-03-12T11:56:54,445     copying src/yass/geometry.py -> build/lib.linux-x86_64-3.7/yass
2020-03-12T11:56:54,445     copying src/yass/pipeline_blocks.py -> build/lib.linux-x86_64-3.7/yass
2020-03-12T11:56:54,445     copying src/yass/util.py -> build/lib.linux-x86_64-3.7/yass
2020-03-12T11:56:54,445     copying src/yass/template.py -> build/lib.linux-x86_64-3.7/yass
2020-03-12T11:56:54,445     copying src/yass/pipeline_residual.py -> build/lib.linux-x86_64-3.7/yass
2020-03-12T11:56:54,445     copying src/yass/mfm.py -> build/lib.linux-x86_64-3.7/yass
2020-03-12T11:56:54,446     copying src/yass/pipeline.py -> build/lib.linux-x86_64-3.7/yass
2020-03-12T11:56:54,446     copying src/yass/correlograms_phy.py -> build/lib.linux-x86_64-3.7/yass
2020-03-12T11:56:54,446     copying src/yass/pd_split.py -> build/lib.linux-x86_64-3.7/yass
2020-03-12T11:56:54,446     copying src/yass/array.py -> build/lib.linux-x86_64-3.7/yass
2020-03-12T11:56:54,446     copying src/yass/pipeline_nn_training.py -> build/lib.linux-x86_64-3.7/yass
2020-03-12T11:56:54,446     copying src/yass/template_update.py -> build/lib.linux-x86_64-3.7/yass
2020-03-12T11:56:54,446     copying src/yass/reader.py -> build/lib.linux-x86_64-3.7/yass
2020-03-12T11:56:54,446     copying src/yass/pipeline_original.py -> build/lib.linux-x86_64-3.7/yass
2020-03-12T11:56:54,447     copying src/yass/command_line.py -> build/lib.linux-x86_64-3.7/yass
2020-03-12T11:56:54,447     copying src/yass/noise.py -> build/lib.linux-x86_64-3.7/yass
2020-03-12T11:56:54,447     copying src/yass/empty.py -> build/lib.linux-x86_64-3.7/yass
2020-03-12T11:56:54,447     copying src/yass/__init__.py -> build/lib.linux-x86_64-3.7/yass
2020-03-12T11:56:54,447     creating build/lib.linux-x86_64-3.7/diptest
2020-03-12T11:56:54,447     copying src/diptest/_interface.py -> build/lib.linux-x86_64-3.7/diptest
2020-03-12T11:56:54,447     copying src/diptest/__init__.py -> build/lib.linux-x86_64-3.7/diptest
2020-03-12T11:56:54,447     creating build/lib.linux-x86_64-3.7/yass/evaluate
2020-03-12T11:56:54,447     copying src/yass/evaluate/stability.py -> build/lib.linux-x86_64-3.7/yass/evaluate
2020-03-12T11:56:54,448     copying src/yass/evaluate/analyzer.py -> build/lib.linux-x86_64-3.7/yass/evaluate
2020-03-12T11:56:54,448     copying src/yass/evaluate/util.py -> build/lib.linux-x86_64-3.7/yass/evaluate
2020-03-12T11:56:54,448     copying src/yass/evaluate/visualization.py -> build/lib.linux-x86_64-3.7/yass/evaluate
2020-03-12T11:56:54,448     copying src/yass/evaluate/stability_filters.py -> build/lib.linux-x86_64-3.7/yass/evaluate
2020-03-12T11:56:54,448     copying src/yass/evaluate/__init__.py -> build/lib.linux-x86_64-3.7/yass/evaluate
2020-03-12T11:56:54,448     creating build/lib.linux-x86_64-3.7/yass/postprocess
2020-03-12T11:56:54,448     copying src/yass/postprocess/collision.py -> build/lib.linux-x86_64-3.7/yass/postprocess
2020-03-12T11:56:54,448     copying src/yass/postprocess/util.py -> build/lib.linux-x86_64-3.7/yass/postprocess
2020-03-12T11:56:54,449     copying src/yass/postprocess/run.py -> build/lib.linux-x86_64-3.7/yass/postprocess
2020-03-12T11:56:54,449     copying src/yass/postprocess/xcorr_peaks.py -> build/lib.linux-x86_64-3.7/yass/postprocess
2020-03-12T11:56:54,449     copying src/yass/postprocess/low_fr.py -> build/lib.linux-x86_64-3.7/yass/postprocess
2020-03-12T11:56:54,449     copying src/yass/postprocess/duplicate_l2.py -> build/lib.linux-x86_64-3.7/yass/postprocess
2020-03-12T11:56:54,449     copying src/yass/postprocess/duplicate_soft_assignment.py -> build/lib.linux-x86_64-3.7/yass/postprocess
2020-03-12T11:56:54,449     copying src/yass/postprocess/small_ptp.py -> build/lib.linux-x86_64-3.7/yass/postprocess
2020-03-12T11:56:54,449     copying src/yass/postprocess/duplicate.py -> build/lib.linux-x86_64-3.7/yass/postprocess
2020-03-12T11:56:54,449     copying src/yass/postprocess/mad.py -> build/lib.linux-x86_64-3.7/yass/postprocess
2020-03-12T11:56:54,449     copying src/yass/postprocess/high_fr.py -> build/lib.linux-x86_64-3.7/yass/postprocess
2020-03-12T11:56:54,449     copying src/yass/postprocess/__init__.py -> build/lib.linux-x86_64-3.7/yass/postprocess
2020-03-12T11:56:54,450     copying src/yass/postprocess/off_centered.py -> build/lib.linux-x86_64-3.7/yass/postprocess
2020-03-12T11:56:54,450     creating build/lib.linux-x86_64-3.7/yass/phy
2020-03-12T11:56:54,450     copying src/yass/phy/run.py -> build/lib.linux-x86_64-3.7/yass/phy
2020-03-12T11:56:54,450     copying src/yass/phy/__init__.py -> build/lib.linux-x86_64-3.7/yass/phy
2020-03-12T11:56:54,450     creating build/lib.linux-x86_64-3.7/yass/rf
2020-03-12T11:56:54,450     copying src/yass/rf/util.py -> build/lib.linux-x86_64-3.7/yass/rf
2020-03-12T11:56:54,451     copying src/yass/rf/run.py -> build/lib.linux-x86_64-3.7/yass/rf
2020-03-12T11:56:54,451     copying src/yass/rf/__init__.py -> build/lib.linux-x86_64-3.7/yass/rf
2020-03-12T11:56:54,451     copying src/yass/rf/sta_fit.py -> build/lib.linux-x86_64-3.7/yass/rf
2020-03-12T11:56:54,451     creating build/lib.linux-x86_64-3.7/yass/explore
2020-03-12T11:56:54,451     copying src/yass/explore/table.py -> build/lib.linux-x86_64-3.7/yass/explore
2020-03-12T11:56:54,452     copying src/yass/explore/receptive_fields.py -> build/lib.linux-x86_64-3.7/yass/explore
2020-03-12T11:56:54,452     copying src/yass/explore/__init__.py -> build/lib.linux-x86_64-3.7/yass/explore
2020-03-12T11:56:54,452     copying src/yass/explore/explorers.py -> build/lib.linux-x86_64-3.7/yass/explore
2020-03-12T11:56:54,452     creating build/lib.linux-x86_64-3.7/yass/augment
2020-03-12T11:56:54,452     copying src/yass/augment/util.py -> build/lib.linux-x86_64-3.7/yass/augment
2020-03-12T11:56:54,452     copying src/yass/augment/run.py -> build/lib.linux-x86_64-3.7/yass/augment
2020-03-12T11:56:54,453     copying src/yass/augment/noise.py -> build/lib.linux-x86_64-3.7/yass/augment
2020-03-12T11:56:54,453     copying src/yass/augment/__init__.py -> build/lib.linux-x86_64-3.7/yass/augment
2020-03-12T11:56:54,453     creating build/lib.linux-x86_64-3.7/yass/neuralnetwork
2020-03-12T11:56:54,453     copying src/yass/neuralnetwork/model_denoiser.py -> build/lib.linux-x86_64-3.7/yass/neuralnetwork
2020-03-12T11:56:54,453     copying src/yass/neuralnetwork/model_detector.py -> build/lib.linux-x86_64-3.7/yass/neuralnetwork
2020-03-12T11:56:54,453     copying src/yass/neuralnetwork/__init__.py -> build/lib.linux-x86_64-3.7/yass/neuralnetwork
2020-03-12T11:56:54,454     creating build/lib.linux-x86_64-3.7/yass/detect
2020-03-12T11:56:54,454     copying src/yass/detect/run.py -> build/lib.linux-x86_64-3.7/yass/detect
2020-03-12T11:56:54,454     copying src/yass/detect/output.py -> build/lib.linux-x86_64-3.7/yass/detect
2020-03-12T11:56:54,454     copying src/yass/detect/deduplication_old.py -> build/lib.linux-x86_64-3.7/yass/detect
2020-03-12T11:56:54,454     copying src/yass/detect/deduplication.py -> build/lib.linux-x86_64-3.7/yass/detect
2020-03-12T11:56:54,454     copying src/yass/detect/__init__.py -> build/lib.linux-x86_64-3.7/yass/detect
2020-03-12T11:56:54,454     creating build/lib.linux-x86_64-3.7/yass/preprocess
2020-03-12T11:56:54,455     copying src/yass/preprocess/util.py -> build/lib.linux-x86_64-3.7/yass/preprocess
2020-03-12T11:56:54,455     copying src/yass/preprocess/run.py -> build/lib.linux-x86_64-3.7/yass/preprocess
2020-03-12T11:56:54,455     copying src/yass/preprocess/__init__.py -> build/lib.linux-x86_64-3.7/yass/preprocess
2020-03-12T11:56:54,455     creating build/lib.linux-x86_64-3.7/yass/cluster
2020-03-12T11:56:54,455     copying src/yass/cluster/sharpen.py -> build/lib.linux-x86_64-3.7/yass/cluster
2020-03-12T11:56:54,455     copying src/yass/cluster/getptp.py -> build/lib.linux-x86_64-3.7/yass/cluster
2020-03-12T11:56:54,455     copying src/yass/cluster/util.py -> build/lib.linux-x86_64-3.7/yass/cluster
2020-03-12T11:56:54,455     copying src/yass/cluster/run.py -> build/lib.linux-x86_64-3.7/yass/cluster
2020-03-12T11:56:54,455     copying src/yass/cluster/cluster.py -> build/lib.linux-x86_64-3.7/yass/cluster
2020-03-12T11:56:54,455     copying src/yass/cluster/ptp_split.py -> build/lib.linux-x86_64-3.7/yass/cluster
2020-03-12T11:56:54,455     copying src/yass/cluster/cluster_test.py -> build/lib.linux-x86_64-3.7/yass/cluster
2020-03-12T11:56:54,455     copying src/yass/cluster/__init__.py -> build/lib.linux-x86_64-3.7/yass/cluster
2020-03-12T11:56:54,456     creating build/lib.linux-x86_64-3.7/yass/deconvolve
2020-03-12T11:56:54,456     copying src/yass/deconvolve/match_pursuit_gpu_test.py -> build/lib.linux-x86_64-3.7/yass/deconvolve
2020-03-12T11:56:54,456     copying src/yass/deconvolve/match_pursuit_gpu_new.py -> build/lib.linux-x86_64-3.7/yass/deconvolve
2020-03-12T11:56:54,456     copying src/yass/deconvolve/util.py -> build/lib.linux-x86_64-3.7/yass/deconvolve
2020-03-12T11:56:54,456     copying src/yass/deconvolve/run.py -> build/lib.linux-x86_64-3.7/yass/deconvolve
2020-03-12T11:56:54,456     copying src/yass/deconvolve/run_old.py -> build/lib.linux-x86_64-3.7/yass/deconvolve
2020-03-12T11:56:54,456     copying src/yass/deconvolve/utils_old.py -> build/lib.linux-x86_64-3.7/yass/deconvolve
2020-03-12T11:56:54,456     copying src/yass/deconvolve/run_original.py -> build/lib.linux-x86_64-3.7/yass/deconvolve
2020-03-12T11:56:54,456     copying src/yass/deconvolve/deconvolve_old.py -> build/lib.linux-x86_64-3.7/yass/deconvolve
2020-03-12T11:56:54,456     copying src/yass/deconvolve/match_pursuit.py -> build/lib.linux-x86_64-3.7/yass/deconvolve
2020-03-12T11:56:54,456     copying src/yass/deconvolve/match_pursuit_gpu.py -> build/lib.linux-x86_64-3.7/yass/deconvolve
2020-03-12T11:56:54,456     copying src/yass/deconvolve/deconv_exp_utils.py -> build/lib.linux-x86_64-3.7/yass/deconvolve
2020-03-12T11:56:54,456     copying src/yass/deconvolve/__init__.py -> build/lib.linux-x86_64-3.7/yass/deconvolve
2020-03-12T11:56:54,457     copying src/yass/deconvolve/utils.py -> build/lib.linux-x86_64-3.7/yass/deconvolve
2020-03-12T11:56:54,457     creating build/lib.linux-x86_64-3.7/yass/config
2020-03-12T11:56:54,457     copying src/yass/config/config.py -> build/lib.linux-x86_64-3.7/yass/config
2020-03-12T11:56:54,457     copying src/yass/config/validate.py -> build/lib.linux-x86_64-3.7/yass/config
2020-03-12T11:56:54,457     copying src/yass/config/__init__.py -> build/lib.linux-x86_64-3.7/yass/config
2020-03-12T11:56:54,457     creating build/lib.linux-x86_64-3.7/yass/visual
2020-03-12T11:56:54,457     copying src/yass/visual/soft_assignment.py -> build/lib.linux-x86_64-3.7/yass/visual
2020-03-12T11:56:54,457     copying src/yass/visual/util.py -> build/lib.linux-x86_64-3.7/yass/visual
2020-03-12T11:56:54,457     copying src/yass/visual/run.py -> build/lib.linux-x86_64-3.7/yass/visual
2020-03-12T11:56:54,457     copying src/yass/visual/ptp_time.py -> build/lib.linux-x86_64-3.7/yass/visual
2020-03-12T11:56:54,457     copying src/yass/visual/__init__.py -> build/lib.linux-x86_64-3.7/yass/visual
2020-03-12T11:56:54,457     copying src/yass/visual/barplots.py -> build/lib.linux-x86_64-3.7/yass/visual
2020-03-12T11:56:54,458     creating build/lib.linux-x86_64-3.7/yass/threshold
2020-03-12T11:56:54,458     copying src/yass/threshold/detect.py -> build/lib.linux-x86_64-3.7/yass/threshold
2020-03-12T11:56:54,458     copying src/yass/threshold/dimensionality_reduction.py -> build/lib.linux-x86_64-3.7/yass/threshold
2020-03-12T11:56:54,458     copying src/yass/threshold/__init__.py -> build/lib.linux-x86_64-3.7/yass/threshold
2020-03-12T11:56:54,458     creating build/lib.linux-x86_64-3.7/yass/residual
2020-03-12T11:56:54,458     copying src/yass/residual/run.py -> build/lib.linux-x86_64-3.7/yass/residual
2020-03-12T11:56:54,458     copying src/yass/residual/residual_gpu.py -> build/lib.linux-x86_64-3.7/yass/residual
2020-03-12T11:56:54,458     copying src/yass/residual/residual.py -> build/lib.linux-x86_64-3.7/yass/residual
2020-03-12T11:56:54,458     copying src/yass/residual/__init__.py -> build/lib.linux-x86_64-3.7/yass/residual
2020-03-12T11:56:54,458     creating build/lib.linux-x86_64-3.7/yass/soft_assignment
2020-03-12T11:56:54,458     copying src/yass/soft_assignment/template.py -> build/lib.linux-x86_64-3.7/yass/soft_assignment
2020-03-12T11:56:54,458     copying src/yass/soft_assignment/run.py -> build/lib.linux-x86_64-3.7/yass/soft_assignment
2020-03-12T11:56:54,458     copying src/yass/soft_assignment/noise.py -> build/lib.linux-x86_64-3.7/yass/soft_assignment
2020-03-12T11:56:54,458     copying src/yass/soft_assignment/__init__.py -> build/lib.linux-x86_64-3.7/yass/soft_assignment
2020-03-12T11:56:54,458     creating build/lib.linux-x86_64-3.7/yass/batch
2020-03-12T11:56:54,458     copying src/yass/batch/util.py -> build/lib.linux-x86_64-3.7/yass/batch
2020-03-12T11:56:54,458     copying src/yass/batch/pipeline.py -> build/lib.linux-x86_64-3.7/yass/batch
2020-03-12T11:56:54,458     copying src/yass/batch/batch.py -> build/lib.linux-x86_64-3.7/yass/batch
2020-03-12T11:56:54,459     copying src/yass/batch/generator.py -> build/lib.linux-x86_64-3.7/yass/batch
2020-03-12T11:56:54,459     copying src/yass/batch/buffer.py -> build/lib.linux-x86_64-3.7/yass/batch
2020-03-12T11:56:54,459     copying src/yass/batch/vectorize.py -> build/lib.linux-x86_64-3.7/yass/batch
2020-03-12T11:56:54,459     copying src/yass/batch/reader.py -> build/lib.linux-x86_64-3.7/yass/batch
2020-03-12T11:56:54,459     copying src/yass/batch/__init__.py -> build/lib.linux-x86_64-3.7/yass/batch
2020-03-12T11:56:54,459     creating build/lib.linux-x86_64-3.7/yass/export
2020-03-12T11:56:54,459     copying src/yass/export/generate.py -> build/lib.linux-x86_64-3.7/yass/export
2020-03-12T11:56:54,459     copying src/yass/export/__init__.py -> build/lib.linux-x86_64-3.7/yass/export
2020-03-12T11:56:54,459     creating build/lib.linux-x86_64-3.7/yass/merge
2020-03-12T11:56:54,459     copying src/yass/merge/merge.py -> build/lib.linux-x86_64-3.7/yass/merge
2020-03-12T11:56:54,460     copying src/yass/merge/util.py -> build/lib.linux-x86_64-3.7/yass/merge
2020-03-12T11:56:54,460     copying src/yass/merge/run.py -> build/lib.linux-x86_64-3.7/yass/merge
2020-03-12T11:56:54,460     copying src/yass/merge/notch.py -> build/lib.linux-x86_64-3.7/yass/merge
2020-03-12T11:56:54,460     copying src/yass/merge/__init__.py -> build/lib.linux-x86_64-3.7/yass/merge
2020-03-12T11:56:54,460     running egg_info
2020-03-12T11:56:54,463     writing src/yass_algorithm.egg-info/PKG-INFO
2020-03-12T11:56:54,463     writing dependency_links to src/yass_algorithm.egg-info/dependency_links.txt
2020-03-12T11:56:54,463     writing entry points to src/yass_algorithm.egg-info/entry_points.txt
2020-03-12T11:56:54,464     writing requirements to src/yass_algorithm.egg-info/requires.txt
2020-03-12T11:56:54,464     writing top-level names to src/yass_algorithm.egg-info/top_level.txt
2020-03-12T11:56:54,467     reading manifest file 'src/yass_algorithm.egg-info/SOURCES.txt'
2020-03-12T11:56:54,467     reading manifest template 'MANIFEST.in'
2020-03-12T11:56:54,470     writing manifest file 'src/yass_algorithm.egg-info/SOURCES.txt'
2020-03-12T11:56:54,470     creating build/lib.linux-x86_64-3.7/yass/assets
2020-03-12T11:56:54,470     creating build/lib.linux-x86_64-3.7/yass/assets/config
2020-03-12T11:56:54,471     copying src/yass/assets/config/schema.yaml -> build/lib.linux-x86_64-3.7/yass/assets/config
2020-03-12T11:56:54,471     creating build/lib.linux-x86_64-3.7/yass/assets/logger
2020-03-12T11:56:54,471     copying src/yass/assets/logger/config.yaml -> build/lib.linux-x86_64-3.7/yass/assets/logger
2020-03-12T11:56:54,471     creating build/lib.linux-x86_64-3.7/yass/assets/nn_models
2020-03-12T11:56:54,471     copying src/yass/assets/nn_models/denoise.pt -> build/lib.linux-x86_64-3.7/yass/assets/nn_models
2020-03-12T11:56:54,471     copying src/yass/assets/nn_models/denoise_31.pt -> build/lib.linux-x86_64-3.7/yass/assets/nn_models
2020-03-12T11:56:54,471     copying src/yass/assets/nn_models/detect.pt -> build/lib.linux-x86_64-3.7/yass/assets/nn_models
2020-03-12T11:56:54,471     copying src/yass/assets/nn_models/detect_31.pt -> build/lib.linux-x86_64-3.7/yass/assets/nn_models
2020-03-12T11:56:54,471     copying src/yass/assets/nn_models/detect_single.pt -> build/lib.linux-x86_64-3.7/yass/assets/nn_models
2020-03-12T11:56:54,471     creating build/lib.linux-x86_64-3.7/yass/assets/phy
2020-03-12T11:56:54,471     copying src/yass/assets/phy/params.py -> build/lib.linux-x86_64-3.7/yass/assets/phy
2020-03-12T11:56:54,471     copying src/diptest/_dip.c -> build/lib.linux-x86_64-3.7/diptest
2020-03-12T11:56:54,472     copying src/diptest/_diptest.c -> build/lib.linux-x86_64-3.7/diptest
2020-03-12T11:56:54,472     copying src/diptest/dip_crit.txt -> build/lib.linux-x86_64-3.7/diptest
2020-03-12T11:56:54,475     running build_ext
2020-03-12T11:56:54,578     building 'diptest._diptest' extension
2020-03-12T11:56:54,578     creating build/temp.linux-x86_64-3.7
2020-03-12T11:56:54,578     creating build/temp.linux-x86_64-3.7/src
2020-03-12T11:56:54,579     creating build/temp.linux-x86_64-3.7/src/diptest
2020-03-12T11:56:54,579     gcc -pthread -B /home/cat/anaconda3/compiler_compat -Wl,--sysroot=/ -Wsign-compare -DNDEBUG -g -fwrapv -O3 -Wall -Wstrict-prototypes -fPIC -I/home/cat/anaconda3/include/python3.7m -I/home/cat/anaconda3/lib/python3.7/site-packages/numpy/core/include -c src/diptest/_dip.c -o build/temp.linux-x86_64-3.7/src/diptest/_dip.o -O3 -std=c99
2020-03-12T11:56:54,695     gcc -pthread -B /home/cat/anaconda3/compiler_compat -Wl,--sysroot=/ -Wsign-compare -DNDEBUG -g -fwrapv -O3 -Wall -Wstrict-prototypes -fPIC -I/home/cat/anaconda3/include/python3.7m -I/home/cat/anaconda3/lib/python3.7/site-packages/numpy/core/include -c src/diptest/_diptest.c -o build/temp.linux-x86_64-3.7/src/diptest/_diptest.o -O3 -std=c99
2020-03-12T11:56:54,750     In file included from /home/cat/anaconda3/lib/python3.7/site-packages/numpy/core/include/numpy/ndarraytypes.h:1832:0,
2020-03-12T11:56:54,750                      from /home/cat/anaconda3/lib/python3.7/site-packages/numpy/core/include/numpy/ndarrayobject.h:12,
2020-03-12T11:56:54,750                      from /home/cat/anaconda3/lib/python3.7/site-packages/numpy/core/include/numpy/arrayobject.h:4,
2020-03-12T11:56:54,750                      from src/diptest/_diptest.c:352:
2020-03-12T11:56:54,750     /home/cat/anaconda3/lib/python3.7/site-packages/numpy/core/include/numpy/npy_1_7_deprecated_api.h:17:2: warning: #warning "Using deprecated NumPy API, disable it with " "#define NPY_NO_DEPRECATED_API NPY_1_7_API_VERSION" [-Wcpp]
2020-03-12T11:56:54,750      #warning "Using deprecated NumPy API, disable it with " \
2020-03-12T11:56:54,750       ^
2020-03-12T11:56:54,792     src/diptest/_diptest.c: In function ‘__Pyx_ExceptionSave’:
2020-03-12T11:56:54,793     src/diptest/_diptest.c:18211:19: error: ‘PyThreadState {aka struct _ts}’ has no member named ‘exc_type’
2020-03-12T11:56:54,793          *type = tstate->exc_type;
2020-03-12T11:56:54,793                        ^
2020-03-12T11:56:54,794     src/diptest/_diptest.c:18212:20: error: ‘PyThreadState {aka struct _ts}’ has no member named ‘exc_value’
2020-03-12T11:56:54,794          *value = tstate->exc_value;
2020-03-12T11:56:54,794                         ^
2020-03-12T11:56:54,794     src/diptest/_diptest.c:18213:17: error: ‘PyThreadState {aka struct _ts}’ has no member named ‘exc_traceback’
2020-03-12T11:56:54,794          *tb = tstate->exc_traceback;
2020-03-12T11:56:54,794                      ^
2020-03-12T11:56:54,794     src/diptest/_diptest.c: In function ‘__Pyx_ExceptionReset’:
2020-03-12T11:56:54,794     src/diptest/_diptest.c:18225:22: error: ‘PyThreadState {aka struct _ts}’ has no member named ‘exc_type’
2020-03-12T11:56:54,794          tmp_type = tstate->exc_type;
2020-03-12T11:56:54,795                           ^
2020-03-12T11:56:54,795     src/diptest/_diptest.c:18226:23: error: ‘PyThreadState {aka struct _ts}’ has no member named ‘exc_value’
2020-03-12T11:56:54,795          tmp_value = tstate->exc_value;
2020-03-12T11:56:54,795                            ^
2020-03-12T11:56:54,795     src/diptest/_diptest.c:18227:20: error: ‘PyThreadState {aka struct _ts}’ has no member named ‘exc_traceback’
2020-03-12T11:56:54,795          tmp_tb = tstate->exc_traceback;
2020-03-12T11:56:54,795                         ^
2020-03-12T11:56:54,795     src/diptest/_diptest.c:18228:11: error: ‘PyThreadState {aka struct _ts}’ has no member named ‘exc_type’
2020-03-12T11:56:54,795          tstate->exc_type = type;
2020-03-12T11:56:54,796                ^
2020-03-12T11:56:54,796     src/diptest/_diptest.c:18229:11: error: ‘PyThreadState {aka struct _ts}’ has no member named ‘exc_value’
2020-03-12T11:56:54,796          tstate->exc_value = value;
2020-03-12T11:56:54,796                ^
2020-03-12T11:56:54,796     src/diptest/_diptest.c:18230:11: error: ‘PyThreadState {aka struct _ts}’ has no member named ‘exc_traceback’
2020-03-12T11:56:54,796          tstate->exc_traceback = tb;
2020-03-12T11:56:54,796                ^
2020-03-12T11:56:54,796     src/diptest/_diptest.c: In function ‘__Pyx_GetException’:
2020-03-12T11:56:54,796     src/diptest/_diptest.c:18273:22: error: ‘PyThreadState {aka struct _ts}’ has no member named ‘exc_type’
2020-03-12T11:56:54,796          tmp_type = tstate->exc_type;
2020-03-12T11:56:54,797                           ^
2020-03-12T11:56:54,797     src/diptest/_diptest.c:18274:23: error: ‘PyThreadState {aka struct _ts}’ has no member named ‘exc_value’
2020-03-12T11:56:54,797          tmp_value = tstate->exc_value;
2020-03-12T11:56:54,797                            ^
2020-03-12T11:56:54,797     src/diptest/_diptest.c:18275:20: error: ‘PyThreadState {aka struct _ts}’ has no member named ‘exc_traceback’
2020-03-12T11:56:54,797          tmp_tb = tstate->exc_traceback;
2020-03-12T11:56:54,797                         ^
2020-03-12T11:56:54,797     src/diptest/_diptest.c:18276:11: error: ‘PyThreadState {aka struct _ts}’ has no member named ‘exc_type’
2020-03-12T11:56:54,797          tstate->exc_type = local_type;
2020-03-12T11:56:54,797                ^
2020-03-12T11:56:54,798     src/diptest/_diptest.c:18277:11: error: ‘PyThreadState {aka struct _ts}’ has no member named ‘exc_value’
2020-03-12T11:56:54,798          tstate->exc_value = local_value;
2020-03-12T11:56:54,798                ^
2020-03-12T11:56:54,798     src/diptest/_diptest.c:18278:11: error: ‘PyThreadState {aka struct _ts}’ has no member named ‘exc_traceback’
2020-03-12T11:56:54,798          tstate->exc_traceback = local_tb;
2020-03-12T11:56:54,798                ^
2020-03-12T11:56:54,798     src/diptest/_diptest.c: In function ‘__Pyx_ExceptionSwap’:
2020-03-12T11:56:54,798     src/diptest/_diptest.c:18300:22: error: ‘PyThreadState {aka struct _ts}’ has no member named ‘exc_type’
2020-03-12T11:56:54,798          tmp_type = tstate->exc_type;
2020-03-12T11:56:54,798                           ^
2020-03-12T11:56:54,799     src/diptest/_diptest.c:18301:23: error: ‘PyThreadState {aka struct _ts}’ has no member named ‘exc_value’
2020-03-12T11:56:54,799          tmp_value = tstate->exc_value;
2020-03-12T11:56:54,799                            ^
2020-03-12T11:56:54,799     src/diptest/_diptest.c:18302:20: error: ‘PyThreadState {aka struct _ts}’ has no member named ‘exc_traceback’
2020-03-12T11:56:54,799          tmp_tb = tstate->exc_traceback;
2020-03-12T11:56:54,799                         ^
2020-03-12T11:56:54,799     src/diptest/_diptest.c:18303:11: error: ‘PyThreadState {aka struct _ts}’ has no member named ‘exc_type’
2020-03-12T11:56:54,799          tstate->exc_type = *type;
2020-03-12T11:56:54,799                ^
2020-03-12T11:56:54,799     src/diptest/_diptest.c:18304:11: error: ‘PyThreadState {aka struct _ts}’ has no member named ‘exc_value’
2020-03-12T11:56:54,799          tstate->exc_value = *value;
2020-03-12T11:56:54,799                ^
2020-03-12T11:56:54,799     src/diptest/_diptest.c:18305:11: error: ‘PyThreadState {aka struct _ts}’ has no member named ‘exc_traceback’
2020-03-12T11:56:54,800          tstate->exc_traceback = *tb;
2020-03-12T11:56:54,800                ^
2020-03-12T11:56:54,800     In file included from /home/cat/anaconda3/lib/python3.7/site-packages/numpy/core/include/numpy/ndarrayobject.h:21:0,
2020-03-12T11:56:54,801                      from /home/cat/anaconda3/lib/python3.7/site-packages/numpy/core/include/numpy/arrayobject.h:4,
2020-03-12T11:56:54,801                      from src/diptest/_diptest.c:352:
2020-03-12T11:56:54,801     src/diptest/_diptest.c: At top level:
2020-03-12T11:56:54,801     /home/cat/anaconda3/lib/python3.7/site-packages/numpy/core/include/numpy/__multiarray_api.h:1463:1: warning: ‘_import_array’ defined but not used [-Wunused-function]
2020-03-12T11:56:54,801      _import_array(void)
2020-03-12T11:56:54,801      ^
2020-03-12T11:56:54,836     error: command 'gcc' failed with exit status 1
2020-03-12T11:56:54,875 Cleaning up...
2020-03-12T11:56:54,875   Removing source in /tmp/pip-req-build-obe_ew18
2020-03-12T11:56:54,900 Removed build tracker: '/tmp/pip-req-tracker-k92zw2r8'
2020-03-12T11:56:54,900 ERROR: Command errored out with exit status 1: /home/cat/anaconda3/bin/python -u -c 'import sys, setuptools, tokenize; sys.argv[0] = '"'"'/tmp/pip-req-build-obe_ew18/setup.py'"'"'; __file__='"'"'/tmp/pip-req-build-obe_ew18/setup.py'"'"';f=getattr(tokenize, '"'"'open'"'"', open)(__file__);code=f.read().replace('"'"'\r\n'"'"', '"'"'\n'"'"');f.close();exec(compile(code, __file__, '"'"'exec'"'"'))' install --record /tmp/pip-record-dwvfjnam/install-record.txt --single-version-externally-managed --compile --install-headers /home/cat/anaconda3/include/python3.7m/yass-algorithm Check the logs for full command output.
2020-03-12T11:56:54,900 Exception information:
2020-03-12T11:56:54,900 Traceback (most recent call last):
2020-03-12T11:56:54,900   File "/home/cat/anaconda3/lib/python3.7/site-packages/pip/_internal/cli/base_command.py", line 186, in _main
2020-03-12T11:56:54,900     status = self.run(options, args)
2020-03-12T11:56:54,900   File "/home/cat/anaconda3/lib/python3.7/site-packages/pip/_internal/commands/install.py", line 404, in run
2020-03-12T11:56:54,900     use_user_site=options.use_user_site,
2020-03-12T11:56:54,900   File "/home/cat/anaconda3/lib/python3.7/site-packages/pip/_internal/req/__init__.py", line 71, in install_given_reqs
2020-03-12T11:56:54,900     **kwargs
2020-03-12T11:56:54,900   File "/home/cat/anaconda3/lib/python3.7/site-packages/pip/_internal/req/req_install.py", line 829, in install
2020-03-12T11:56:54,900     scheme=scheme,
2020-03-12T11:56:54,900   File "/home/cat/anaconda3/lib/python3.7/site-packages/pip/_internal/operations/install/legacy.py", line 72, in install
2020-03-12T11:56:54,900     cwd=install_req.unpacked_source_directory,
2020-03-12T11:56:54,900   File "/home/cat/anaconda3/lib/python3.7/site-packages/pip/_internal/utils/subprocess.py", line 275, in runner
2020-03-12T11:56:54,900     spinner=spinner,
2020-03-12T11:56:54,900   File "/home/cat/anaconda3/lib/python3.7/site-packages/pip/_internal/utils/subprocess.py", line 242, in call_subprocess
2020-03-12T11:56:54,900     raise InstallationError(exc_msg)
2020-03-12T11:56:54,900 pip._internal.exceptions.InstallationError: Command errored out with exit status 1: /home/cat/anaconda3/bin/python -u -c 'import sys, setuptools, tokenize; sys.argv[0] = '"'"'/tmp/pip-req-build-obe_ew18/setup.py'"'"'; __file__='"'"'/tmp/pip-req-build-obe_ew18/setup.py'"'"';f=getattr(tokenize, '"'"'open'"'"', open)(__file__);code=f.read().replace('"'"'\r\n'"'"', '"'"'\n'"'"');f.close();exec(compile(code, __file__, '"'"'exec'"'"'))' install --record /tmp/pip-record-dwvfjnam/install-record.txt --single-version-externally-managed --compile --install-headers /home/cat/anaconda3/include/python3.7m/yass-algorithm Check the logs for full command output.
